{"meta": {"format": 3, "version": "7.13.3", "timestamp": "2026-02-09T21:57:57.481767", "branch_coverage": false, "show_contexts": false}, "files": {"panelbox/__init__.py": {"executed_lines": [30, 31, 34, 35, 38, 41, 42, 50, 51, 52, 55, 56, 57, 58, 61, 62, 63, 66, 67, 68, 71, 72, 75, 76, 79, 80, 81, 82, 83, 84, 85, 86, 87, 90, 91, 94, 95, 96, 97, 98, 101, 103], "summary": {"covered_lines": 42, "num_statements": 42, "percent_covered": 100.0, "percent_covered_display": "100", "missing_lines": 0, "excluded_lines": 0, "percent_statements_covered": 100.0, "percent_statements_covered_display": "100"}, "missing_lines": [], "excluded_lines": [], "functions": {"": {"executed_lines": [30, 31, 34, 35, 38, 41, 42, 50, 51, 52, 55, 56, 57, 58, 61, 62, 63, 66, 67, 68, 71, 72, 75, 76, 79, 80, 81, 82, 83, 84, 85, 86, 87, 90, 91, 94, 95, 96, 97, 98, 101, 103], "summary": {"covered_lines": 42, "num_statements": 42, "percent_covered": 100.0, "percent_covered_display": "100", "missing_lines": 0, "excluded_lines": 0, "percent_statements_covered": 100.0, "percent_statements_covered_display": "100"}, "missing_lines": [], "excluded_lines": [], "start_line": 1}}, "classes": {"": {"executed_lines": [30, 31, 34, 35, 38, 41, 42, 50, 51, 52, 55, 56, 57, 58, 61, 62, 63, 66, 67, 68, 71, 72, 75, 76, 79, 80, 81, 82, 83, 84, 85, 86, 87, 90, 91, 94, 95, 96, 97, 98, 101, 103], "summary": {"covered_lines": 42, "num_statements": 42, "percent_covered": 100.0, "percent_covered_display": "100", "missing_lines": 0, "excluded_lines": 0, "percent_statements_covered": 100.0, "percent_statements_covered_display": "100"}, "missing_lines": [], "excluded_lines": [], "start_line": 1}}}, "panelbox/__version__.py": {"executed_lines": [3, 4, 5, 6], "summary": {"covered_lines": 4, "num_statements": 4, "percent_covered": 100.0, "percent_covered_display": "100", "missing_lines": 0, "excluded_lines": 0, "percent_statements_covered": 100.0, "percent_statements_covered_display": "100"}, "missing_lines": [], "excluded_lines": [], "functions": {"": {"executed_lines": [3, 4, 5, 6], "summary": {"covered_lines": 4, "num_statements": 4, "percent_covered": 100.0, "percent_covered_display": "100", "missing_lines": 0, "excluded_lines": 0, "percent_statements_covered": 100.0, "percent_statements_covered_display": "100"}, "missing_lines": [], "excluded_lines": [], "start_line": 1}}, "classes": {"": {"executed_lines": [3, 4, 5, 6], "summary": {"covered_lines": 4, "num_statements": 4, "percent_covered": 100.0, "percent_covered_display": "100", "missing_lines": 0, "excluded_lines": 0, "percent_statements_covered": 100.0, "percent_statements_covered_display": "100"}, "missing_lines": [], "excluded_lines": [], "start_line": 1}}}, "panelbox/cli/__init__.py": {"executed_lines": [7, 9], "summary": {"covered_lines": 2, "num_statements": 2, "percent_covered": 100.0, "percent_covered_display": "100", "missing_lines": 0, "excluded_lines": 0, "percent_statements_covered": 100.0, "percent_statements_covered_display": "100"}, "missing_lines": [], "excluded_lines": [], "functions": {"": {"executed_lines": [7, 9], "summary": {"covered_lines": 2, "num_statements": 2, "percent_covered": 100.0, "percent_covered_display": "100", "missing_lines": 0, "excluded_lines": 0, "percent_statements_covered": 100.0, "percent_statements_covered_display": "100"}, "missing_lines": [], "excluded_lines": [], "start_line": 1}}, "classes": {"": {"executed_lines": [7, 9], "summary": {"covered_lines": 2, "num_statements": 2, "percent_covered": 100.0, "percent_covered_display": "100", "missing_lines": 0, "excluded_lines": 0, "percent_statements_covered": 100.0, "percent_statements_covered_display": "100"}, "missing_lines": [], "excluded_lines": [], "start_line": 1}}}, "panelbox/cli/cli_commands/__init__.py": {"executed_lines": [5], "summary": {"covered_lines": 1, "num_statements": 1, "percent_covered": 100.0, "percent_covered_display": "100", "missing_lines": 0, "excluded_lines": 0, "percent_statements_covered": 100.0, "percent_statements_covered_display": "100"}, "missing_lines": [], "excluded_lines": [], "functions": {"": {"executed_lines": [5], "summary": {"covered_lines": 1, "num_statements": 1, "percent_covered": 100.0, "percent_covered_display": "100", "missing_lines": 0, "excluded_lines": 0, "percent_statements_covered": 100.0, "percent_statements_covered_display": "100"}, "missing_lines": [], "excluded_lines": [], "start_line": 1}}, "classes": {"": {"executed_lines": [5], "summary": {"covered_lines": 1, "num_statements": 1, "percent_covered": 100.0, "percent_covered_display": "100", "missing_lines": 0, "excluded_lines": 0, "percent_statements_covered": 100.0, "percent_statements_covered_display": "100"}, "missing_lines": [], "excluded_lines": [], "start_line": 1}}}, "panelbox/cli/cli_commands/estimate.py": {"executed_lines": [8, 9, 10, 11, 13, 15, 18, 32, 47, 61, 92, 94, 102, 106, 108, 111, 115, 123, 131, 133, 136, 138, 141, 157, 159, 162, 163, 165, 167, 168, 169, 171, 174, 188, 190, 193, 194, 195, 196, 198, 204, 206, 207, 208, 209, 210, 211, 214, 219, 221, 222, 225, 231, 232, 234, 237, 239, 242], "summary": {"covered_lines": 58, "num_statements": 73, "percent_covered": 79.45205479452055, "percent_covered_display": "79", "missing_lines": 15, "excluded_lines": 0, "percent_statements_covered": 79.45205479452055, "percent_statements_covered_display": "79"}, "missing_lines": [160, 199, 200, 201, 226, 227, 228, 235, 240, 244, 245, 246, 247, 249, 250], "excluded_lines": [], "functions": {"add_parser": {"executed_lines": [61, 92, 94, 102, 106, 108, 111, 115, 123, 131, 133, 136, 138], "summary": {"covered_lines": 13, "num_statements": 13, "percent_covered": 100.0, "percent_covered_display": "100", "missing_lines": 0, "excluded_lines": 0, "percent_statements_covered": 100.0, "percent_statements_covered_display": "100"}, "missing_lines": [], "excluded_lines": [], "start_line": 47}, "load_data": {"executed_lines": [157, 159, 162, 163, 165, 167, 168, 169, 171], "summary": {"covered_lines": 9, "num_statements": 10, "percent_covered": 90.0, "percent_covered_display": "90", "missing_lines": 1, "excluded_lines": 0, "percent_statements_covered": 90.0, "percent_statements_covered_display": "90"}, "missing_lines": [160], "excluded_lines": [], "start_line": 141}, "execute": {"executed_lines": [188, 190, 193, 194, 195, 196, 198, 204, 206, 207, 208, 209, 210, 211, 214, 219, 221, 222, 225, 231, 232, 234, 237, 239, 242], "summary": {"covered_lines": 25, "num_statements": 39, "percent_covered": 64.1025641025641, "percent_covered_display": "64", "missing_lines": 14, "excluded_lines": 0, "percent_statements_covered": 64.1025641025641, "percent_statements_covered_display": "64"}, "missing_lines": [199, 200, 201, 226, 227, 228, 235, 240, 244, 245, 246, 247, 249, 250], "excluded_lines": [], "start_line": 174}, "": {"executed_lines": [8, 9, 10, 11, 13, 15, 18, 32, 47, 141, 174], "summary": {"covered_lines": 11, "num_statements": 11, "percent_covered": 100.0, "percent_covered_display": "100", "missing_lines": 0, "excluded_lines": 0, "percent_statements_covered": 100.0, "percent_statements_covered_display": "100"}, "missing_lines": [], "excluded_lines": [], "start_line": 1}}, "classes": {"": {"executed_lines": [8, 9, 10, 11, 13, 15, 18, 32, 47, 61, 92, 94, 102, 106, 108, 111, 115, 123, 131, 133, 136, 138, 141, 157, 159, 162, 163, 165, 167, 168, 169, 171, 174, 188, 190, 193, 194, 195, 196, 198, 204, 206, 207, 208, 209, 210, 211, 214, 219, 221, 222, 225, 231, 232, 234, 237, 239, 242], "summary": {"covered_lines": 58, "num_statements": 73, "percent_covered": 79.45205479452055, "percent_covered_display": "79", "missing_lines": 15, "excluded_lines": 0, "percent_statements_covered": 79.45205479452055, "percent_statements_covered_display": "79"}, "missing_lines": [160, 199, 200, 201, 226, 227, 228, 235, 240, 244, 245, 246, 247, 249, 250], "excluded_lines": [], "start_line": 1}}}, "panelbox/cli/cli_commands/info.py": {"executed_lines": [8, 9, 10, 11, 13, 15, 18, 32, 51, 53, 55, 58, 60, 62, 65, 67, 70, 90, 92, 96, 98, 99, 100, 103, 104, 105, 106, 109, 110, 111, 112, 113, 114, 119, 120, 121, 122, 125, 126, 128, 131, 132, 133, 135, 136, 138, 139, 140, 141, 142, 145, 146, 148, 149, 159, 160, 166, 169, 180, 182, 186, 188, 189, 190, 192, 193, 195, 196, 197, 198, 199, 200, 202, 203, 204, 205, 206, 207, 208, 209, 210, 212, 213, 214, 215, 216, 217, 218, 219, 220, 221, 222, 223, 224, 226, 227, 228, 229, 230, 231, 232, 233, 234, 235, 237, 243, 246, 260, 261, 262, 263, 264, 266], "summary": {"covered_lines": 113, "num_statements": 135, "percent_covered": 83.70370370370371, "percent_covered_display": "84", "missing_lines": 22, "excluded_lines": 0, "percent_statements_covered": 83.70370370370371, "percent_statements_covered_display": "84"}, "missing_lines": [93, 127, 129, 153, 154, 155, 156, 161, 162, 163, 164, 183, 238, 239, 240, 241, 268, 269, 270, 271, 273, 274], "excluded_lines": [], "functions": {"add_parser": {"executed_lines": [32, 51, 53, 55, 58, 60, 62, 65, 67], "summary": {"covered_lines": 9, "num_statements": 9, "percent_covered": 100.0, "percent_covered_display": "100", "missing_lines": 0, "excluded_lines": 0, "percent_statements_covered": 100.0, "percent_statements_covered_display": "100"}, "missing_lines": [], "excluded_lines": [], "start_line": 18}, "print_data_info": {"executed_lines": [90, 92, 96, 98, 99, 100, 103, 104, 105, 106, 109, 110, 111, 112, 113, 114, 119, 120, 121, 122, 125, 126, 128, 131, 132, 133, 135, 136, 138, 139, 140, 141, 142, 145, 146, 148, 149, 159, 160, 166], "summary": {"covered_lines": 40, "num_statements": 51, "percent_covered": 78.43137254901961, "percent_covered_display": "78", "missing_lines": 11, "excluded_lines": 0, "percent_statements_covered": 78.43137254901961, "percent_statements_covered_display": "78"}, "missing_lines": [93, 127, 129, 153, 154, 155, 156, 161, 162, 163, 164], "excluded_lines": [], "start_line": 70}, "print_results_info": {"executed_lines": [180, 182, 186, 188, 189, 190, 192, 193, 195, 196, 197, 198, 199, 200, 202, 203, 204, 205, 206, 207, 208, 209, 210, 212, 213, 214, 215, 216, 217, 218, 219, 220, 221, 222, 223, 224, 226, 227, 228, 229, 230, 231, 232, 233, 234, 235, 237, 243], "summary": {"covered_lines": 48, "num_statements": 53, "percent_covered": 90.56603773584905, "percent_covered_display": "91", "missing_lines": 5, "excluded_lines": 0, "percent_statements_covered": 90.56603773584905, "percent_statements_covered_display": "91"}, "missing_lines": [183, 238, 239, 240, 241], "excluded_lines": [], "start_line": 169}, "execute": {"executed_lines": [260, 261, 262, 263, 264, 266], "summary": {"covered_lines": 6, "num_statements": 12, "percent_covered": 50.0, "percent_covered_display": "50", "missing_lines": 6, "excluded_lines": 0, "percent_statements_covered": 50.0, "percent_statements_covered_display": "50"}, "missing_lines": [268, 269, 270, 271, 273, 274], "excluded_lines": [], "start_line": 246}, "": {"executed_lines": [8, 9, 10, 11, 13, 15, 18, 70, 169, 246], "summary": {"covered_lines": 10, "num_statements": 10, "percent_covered": 100.0, "percent_covered_display": "100", "missing_lines": 0, "excluded_lines": 0, "percent_statements_covered": 100.0, "percent_statements_covered_display": "100"}, "missing_lines": [], "excluded_lines": [], "start_line": 1}}, "classes": {"": {"executed_lines": [8, 9, 10, 11, 13, 15, 18, 32, 51, 53, 55, 58, 60, 62, 65, 67, 70, 90, 92, 96, 98, 99, 100, 103, 104, 105, 106, 109, 110, 111, 112, 113, 114, 119, 120, 121, 122, 125, 126, 128, 131, 132, 133, 135, 136, 138, 139, 140, 141, 142, 145, 146, 148, 149, 159, 160, 166, 169, 180, 182, 186, 188, 189, 190, 192, 193, 195, 196, 197, 198, 199, 200, 202, 203, 204, 205, 206, 207, 208, 209, 210, 212, 213, 214, 215, 216, 217, 218, 219, 220, 221, 222, 223, 224, 226, 227, 228, 229, 230, 231, 232, 233, 234, 235, 237, 243, 246, 260, 261, 262, 263, 264, 266], "summary": {"covered_lines": 113, "num_statements": 135, "percent_covered": 83.70370370370371, "percent_covered_display": "84", "missing_lines": 22, "excluded_lines": 0, "percent_statements_covered": 83.70370370370371, "percent_statements_covered_display": "84"}, "missing_lines": [93, 127, 129, 153, 154, 155, 156, 161, 162, 163, 164, 183, 238, 239, 240, 241, 268, 269, 270, 271, 273, 274], "excluded_lines": [], "start_line": 1}}}, "panelbox/cli/main.py": {"executed_lines": [9, 10, 11, 14, 23, 46, 49, 57, 60, 63, 65, 68, 83, 86, 89, 92, 97, 98, 108], "summary": {"covered_lines": 19, "num_statements": 29, "percent_covered": 65.51724137931035, "percent_covered_display": "66", "missing_lines": 10, "excluded_lines": 0, "percent_statements_covered": 65.51724137931035, "percent_statements_covered_display": "66"}, "missing_lines": [87, 93, 94, 99, 100, 101, 103, 104, 105, 109], "excluded_lines": [], "functions": {"create_parser": {"executed_lines": [23, 46, 49, 57, 60, 63, 65], "summary": {"covered_lines": 7, "num_statements": 7, "percent_covered": 100.0, "percent_covered_display": "100", "missing_lines": 0, "excluded_lines": 0, "percent_statements_covered": 100.0, "percent_statements_covered_display": "100"}, "missing_lines": [], "excluded_lines": [], "start_line": 14}, "main": {"executed_lines": [83, 86, 89, 92, 97, 98], "summary": {"covered_lines": 6, "num_statements": 15, "percent_covered": 40.0, "percent_covered_display": "40", "missing_lines": 9, "excluded_lines": 0, "percent_statements_covered": 40.0, "percent_statements_covered_display": "40"}, "missing_lines": [87, 93, 94, 99, 100, 101, 103, 104, 105], "excluded_lines": [], "start_line": 68}, "": {"executed_lines": [9, 10, 11, 14, 68, 108], "summary": {"covered_lines": 6, "num_statements": 7, "percent_covered": 85.71428571428571, "percent_covered_display": "86", "missing_lines": 1, "excluded_lines": 0, "percent_statements_covered": 85.71428571428571, "percent_statements_covered_display": "86"}, "missing_lines": [109], "excluded_lines": [], "start_line": 1}}, "classes": {"": {"executed_lines": [9, 10, 11, 14, 23, 46, 49, 57, 60, 63, 65, 68, 83, 86, 89, 92, 97, 98, 108], "summary": {"covered_lines": 19, "num_statements": 29, "percent_covered": 65.51724137931035, "percent_covered_display": "66", "missing_lines": 10, "excluded_lines": 0, "percent_statements_covered": 65.51724137931035, "percent_statements_covered_display": "66"}, "missing_lines": [87, 93, 94, 99, 100, 101, 103, 104, 105, 109], "excluded_lines": [], "start_line": 1}}}, "panelbox/core/__init__.py": {"executed_lines": [], "summary": {"covered_lines": 0, "num_statements": 0, "percent_covered": 100.0, "percent_covered_display": "100", "missing_lines": 0, "excluded_lines": 0, "percent_statements_covered": 100.0, "percent_statements_covered_display": "100"}, "missing_lines": [], "excluded_lines": [], "functions": {"": {"executed_lines": [], "summary": {"covered_lines": 0, "num_statements": 0, "percent_covered": 100.0, "percent_covered_display": "100", "missing_lines": 0, "excluded_lines": 0, "percent_statements_covered": 100.0, "percent_statements_covered_display": "100"}, "missing_lines": [], "excluded_lines": [], "start_line": 1}}, "classes": {"": {"executed_lines": [], "summary": {"covered_lines": 0, "num_statements": 0, "percent_covered": 100.0, "percent_covered_display": "100", "missing_lines": 0, "excluded_lines": 0, "percent_statements_covered": 100.0, "percent_statements_covered_display": "100"}, "missing_lines": [], "excluded_lines": [], "start_line": 1}}}, "panelbox/core/base_model.py": {"executed_lines": [7, 9, 10, 12, 13, 15, 16, 23, 64, 73, 76, 77, 82, 83, 88, 91, 92, 94, 95, 112, 113, 126, 156], "summary": {"covered_lines": 23, "num_statements": 33, "percent_covered": 69.6969696969697, "percent_covered_display": "70", "missing_lines": 10, "excluded_lines": 3, "percent_statements_covered": 69.6969696969697, "percent_statements_covered_display": "70"}, "missing_lines": [79, 84, 85, 147, 148, 151, 153, 154, 158, 159], "excluded_lines": [18, 19, 20], "functions": {"PanelModel.__init__": {"executed_lines": [73, 76, 77, 82, 83, 88, 91, 92], "summary": {"covered_lines": 8, "num_statements": 11, "percent_covered": 72.72727272727273, "percent_covered_display": "73", "missing_lines": 3, "excluded_lines": 0, "percent_statements_covered": 72.72727272727273, "percent_statements_covered_display": "73"}, "missing_lines": [79, 84, 85], "excluded_lines": [], "start_line": 64}, "PanelModel.fit": {"executed_lines": [], "summary": {"covered_lines": 0, "num_statements": 0, "percent_covered": 100.0, "percent_covered_display": "100", "missing_lines": 0, "excluded_lines": 0, "percent_statements_covered": 100.0, "percent_statements_covered_display": "100"}, "missing_lines": [], "excluded_lines": [], "start_line": 95}, "PanelModel._estimate_coefficients": {"executed_lines": [], "summary": {"covered_lines": 0, "num_statements": 0, "percent_covered": 100.0, "percent_covered_display": "100", "missing_lines": 0, "excluded_lines": 0, "percent_statements_covered": 100.0, "percent_statements_covered_display": "100"}, "missing_lines": [], "excluded_lines": [], "start_line": 113}, "PanelModel.validate": {"executed_lines": [], "summary": {"covered_lines": 0, "num_statements": 5, "percent_covered": 0.0, "percent_covered_display": "0", "missing_lines": 5, "excluded_lines": 0, "percent_statements_covered": 0.0, "percent_statements_covered_display": "0"}, "missing_lines": [147, 148, 151, 153, 154], "excluded_lines": [], "start_line": 126}, "PanelModel.__repr__": {"executed_lines": [], "summary": {"covered_lines": 0, "num_statements": 2, "percent_covered": 0.0, "percent_covered_display": "0", "missing_lines": 2, "excluded_lines": 0, "percent_statements_covered": 0.0, "percent_statements_covered_display": "0"}, "missing_lines": [158, 159], "excluded_lines": [], "start_line": 156}, "": {"executed_lines": [7, 9, 10, 12, 13, 15, 16, 23, 64, 94, 95, 112, 113, 126, 156], "summary": {"covered_lines": 15, "num_statements": 15, "percent_covered": 100.0, "percent_covered_display": "100", "missing_lines": 0, "excluded_lines": 3, "percent_statements_covered": 100.0, "percent_statements_covered_display": "100"}, "missing_lines": [], "excluded_lines": [18, 19, 20], "start_line": 1}}, "classes": {"PanelModel": {"executed_lines": [73, 76, 77, 82, 83, 88, 91, 92], "summary": {"covered_lines": 8, "num_statements": 18, "percent_covered": 44.44444444444444, "percent_covered_display": "44", "missing_lines": 10, "excluded_lines": 0, "percent_statements_covered": 44.44444444444444, "percent_statements_covered_display": "44"}, "missing_lines": [79, 84, 85, 147, 148, 151, 153, 154, 158, 159], "excluded_lines": [], "start_line": 23}, "": {"executed_lines": [7, 9, 10, 12, 13, 15, 16, 23, 64, 94, 95, 112, 113, 126, 156], "summary": {"covered_lines": 15, "num_statements": 15, "percent_covered": 100.0, "percent_covered_display": "100", "missing_lines": 0, "excluded_lines": 3, "percent_statements_covered": 100.0, "percent_statements_covered_display": "100"}, "missing_lines": [], "excluded_lines": [18, 19, 20], "start_line": 1}}}, "panelbox/core/formula_parser.py": {"executed_lines": [8, 9, 11, 12, 15, 56, 57, 58, 60, 61, 65, 66, 67, 68, 69, 70, 71, 73, 87, 88, 91, 94, 97, 104, 105, 107, 110, 114, 116, 117, 119, 138, 139, 141, 142, 143, 149, 150, 152, 153, 154, 155, 157, 158, 159, 160, 161, 162, 164, 165, 166, 167, 168, 170, 171, 172, 174, 176, 190, 193, 194, 195, 196, 199, 201, 202, 205, 206, 210, 211, 215, 243, 248, 249, 251, 254, 256, 258, 259, 260, 263, 265, 266, 267, 269, 271, 273, 294, 295, 297, 299, 300, 302, 305, 325], "summary": {"covered_lines": 95, "num_statements": 105, "percent_covered": 90.47619047619048, "percent_covered_display": "90", "missing_lines": 10, "excluded_lines": 0, "percent_statements_covered": 90.47619047619048, "percent_statements_covered_display": "90"}, "missing_lines": [89, 98, 99, 100, 101, 144, 207, 213, 244, 262], "excluded_lines": [], "functions": {"FormulaParser.__init__": {"executed_lines": [57, 58, 60, 61, 65, 66, 67, 68, 69, 70, 71], "summary": {"covered_lines": 11, "num_statements": 11, "percent_covered": 100.0, "percent_covered_display": "100", "missing_lines": 0, "excluded_lines": 0, "percent_statements_covered": 100.0, "percent_statements_covered_display": "100"}, "missing_lines": [], "excluded_lines": [], "start_line": 56}, "FormulaParser.parse": {"executed_lines": [87, 88, 91, 94, 97, 104, 105, 107, 110, 114, 116, 117], "summary": {"covered_lines": 12, "num_statements": 17, "percent_covered": 70.58823529411765, "percent_covered_display": "71", "missing_lines": 5, "excluded_lines": 0, "percent_statements_covered": 70.58823529411765, "percent_statements_covered_display": "71"}, "missing_lines": [89, 98, 99, 100, 101], "excluded_lines": [], "start_line": 73}, "FormulaParser._extract_variable_names": {"executed_lines": [138, 139, 141, 142, 143, 149, 150, 152, 153, 154, 155, 157, 158, 159, 160, 161, 162, 164, 165, 166, 167, 168, 170, 171, 172, 174], "summary": {"covered_lines": 26, "num_statements": 27, "percent_covered": 96.29629629629629, "percent_covered_display": "96", "missing_lines": 1, "excluded_lines": 0, "percent_statements_covered": 96.29629629629629, "percent_statements_covered_display": "96"}, "missing_lines": [144], "excluded_lines": [], "start_line": 119}, "FormulaParser._extract_var_from_term": {"executed_lines": [190, 193, 194, 195, 196, 199, 201, 202, 205, 206, 210, 211], "summary": {"covered_lines": 12, "num_statements": 14, "percent_covered": 85.71428571428571, "percent_covered_display": "86", "missing_lines": 2, "excluded_lines": 0, "percent_statements_covered": 85.71428571428571, "percent_statements_covered_display": "86"}, "missing_lines": [207, 213], "excluded_lines": [], "start_line": 176}, "FormulaParser.build_design_matrices": {"executed_lines": [243, 248, 249, 251, 254, 256, 258, 259, 260, 263, 265, 266, 267, 269, 271], "summary": {"covered_lines": 15, "num_statements": 17, "percent_covered": 88.23529411764706, "percent_covered_display": "88", "missing_lines": 2, "excluded_lines": 0, "percent_statements_covered": 88.23529411764706, "percent_statements_covered_display": "88"}, "missing_lines": [244, 262], "excluded_lines": [], "start_line": 215}, "FormulaParser.get_variable_names": {"executed_lines": [294, 295], "summary": {"covered_lines": 2, "num_statements": 2, "percent_covered": 100.0, "percent_covered_display": "100", "missing_lines": 0, "excluded_lines": 0, "percent_statements_covered": 100.0, "percent_statements_covered_display": "100"}, "missing_lines": [], "excluded_lines": [], "start_line": 273}, "FormulaParser.__repr__": {"executed_lines": [299, 300, 302], "summary": {"covered_lines": 3, "num_statements": 3, "percent_covered": 100.0, "percent_covered_display": "100", "missing_lines": 0, "excluded_lines": 0, "percent_statements_covered": 100.0, "percent_statements_covered_display": "100"}, "missing_lines": [], "excluded_lines": [], "start_line": 297}, "parse_formula": {"executed_lines": [325], "summary": {"covered_lines": 1, "num_statements": 1, "percent_covered": 100.0, "percent_covered_display": "100", "missing_lines": 0, "excluded_lines": 0, "percent_statements_covered": 100.0, "percent_statements_covered_display": "100"}, "missing_lines": [], "excluded_lines": [], "start_line": 305}, "": {"executed_lines": [8, 9, 11, 12, 15, 56, 73, 119, 176, 215, 273, 297, 305], "summary": {"covered_lines": 13, "num_statements": 13, "percent_covered": 100.0, "percent_covered_display": "100", "missing_lines": 0, "excluded_lines": 0, "percent_statements_covered": 100.0, "percent_statements_covered_display": "100"}, "missing_lines": [], "excluded_lines": [], "start_line": 1}}, "classes": {"FormulaParser": {"executed_lines": [57, 58, 60, 61, 65, 66, 67, 68, 69, 70, 71, 87, 88, 91, 94, 97, 104, 105, 107, 110, 114, 116, 117, 138, 139, 141, 142, 143, 149, 150, 152, 153, 154, 155, 157, 158, 159, 160, 161, 162, 164, 165, 166, 167, 168, 170, 171, 172, 174, 190, 193, 194, 195, 196, 199, 201, 202, 205, 206, 210, 211, 243, 248, 249, 251, 254, 256, 258, 259, 260, 263, 265, 266, 267, 269, 271, 294, 295, 299, 300, 302], "summary": {"covered_lines": 81, "num_statements": 91, "percent_covered": 89.01098901098901, "percent_covered_display": "89", "missing_lines": 10, "excluded_lines": 0, "percent_statements_covered": 89.01098901098901, "percent_statements_covered_display": "89"}, "missing_lines": [89, 98, 99, 100, 101, 144, 207, 213, 244, 262], "excluded_lines": [], "start_line": 15}, "": {"executed_lines": [8, 9, 11, 12, 15, 56, 73, 119, 176, 215, 273, 297, 305, 325], "summary": {"covered_lines": 14, "num_statements": 14, "percent_covered": 100.0, "percent_covered_display": "100", "missing_lines": 0, "excluded_lines": 0, "percent_statements_covered": 100.0, "percent_statements_covered_display": "100"}, "missing_lines": [], "excluded_lines": [], "start_line": 1}}}, "panelbox/core/panel_data.py": {"executed_lines": [7, 9, 10, 13, 69, 71, 72, 74, 75, 77, 78, 81, 82, 83, 86, 89, 90, 91, 92, 95, 96, 97, 99, 100, 101, 103, 131, 133, 134, 135, 139, 140, 141, 143, 145, 147, 148, 150, 152, 153, 155, 158, 159, 162, 163, 165, 167, 169, 190, 191, 192, 193, 197, 198, 201, 204, 205, 208, 210, 212, 237, 240, 241, 243, 245, 246, 247, 249, 250, 252, 254, 275, 278, 279, 281, 283, 284, 287, 288, 290, 292, 309, 310, 313, 316, 319, 321, 323, 336, 337, 338, 339, 340, 341, 342, 343, 344, 345, 346, 347, 349, 350, 351, 352, 354, 356, 357, 360, 362, 364, 366, 367], "summary": {"covered_lines": 112, "num_statements": 118, "percent_covered": 94.91525423728814, "percent_covered_display": "95", "missing_lines": 6, "excluded_lines": 0, "percent_statements_covered": 94.91525423728814, "percent_statements_covered_display": "95"}, "missing_lines": [136, 194, 199, 238, 276, 285], "excluded_lines": [], "functions": {"PanelData.__init__": {"executed_lines": [71, 72, 74, 75, 77, 78, 81, 82, 83, 86, 89, 90, 91, 92, 95, 96, 97, 99, 100, 101], "summary": {"covered_lines": 20, "num_statements": 20, "percent_covered": 100.0, "percent_covered_display": "100", "missing_lines": 0, "excluded_lines": 0, "percent_statements_covered": 100.0, "percent_statements_covered_display": "100"}, "missing_lines": [], "excluded_lines": [], "start_line": 69}, "PanelData.demeaning": {"executed_lines": [131, 133, 134, 135, 139, 140, 141, 143, 145, 147, 148, 150, 152, 153, 155, 158, 159, 162, 163, 165, 167], "summary": {"covered_lines": 21, "num_statements": 22, "percent_covered": 95.45454545454545, "percent_covered_display": "95", "missing_lines": 1, "excluded_lines": 0, "percent_statements_covered": 95.45454545454545, "percent_statements_covered_display": "95"}, "missing_lines": [136], "excluded_lines": [], "start_line": 103}, "PanelData.first_difference": {"executed_lines": [190, 191, 192, 193, 197, 198, 201, 204, 205, 208, 210], "summary": {"covered_lines": 11, "num_statements": 13, "percent_covered": 84.61538461538461, "percent_covered_display": "85", "missing_lines": 2, "excluded_lines": 0, "percent_statements_covered": 84.61538461538461, "percent_statements_covered_display": "85"}, "missing_lines": [194, 199], "excluded_lines": [], "start_line": 169}, "PanelData.lag": {"executed_lines": [237, 240, 241, 243, 245, 246, 247, 249, 250, 252], "summary": {"covered_lines": 10, "num_statements": 11, "percent_covered": 90.9090909090909, "percent_covered_display": "91", "missing_lines": 1, "excluded_lines": 0, "percent_statements_covered": 90.9090909090909, "percent_statements_covered_display": "91"}, "missing_lines": [238], "excluded_lines": [], "start_line": 212}, "PanelData.lead": {"executed_lines": [275, 278, 279, 281, 283, 284, 287, 288, 290], "summary": {"covered_lines": 9, "num_statements": 11, "percent_covered": 81.81818181818181, "percent_covered_display": "82", "missing_lines": 2, "excluded_lines": 0, "percent_statements_covered": 81.81818181818181, "percent_statements_covered_display": "82"}, "missing_lines": [276, 285], "excluded_lines": [], "start_line": 254}, "PanelData.balance": {"executed_lines": [309, 310, 313, 316, 319, 321], "summary": {"covered_lines": 6, "num_statements": 6, "percent_covered": 100.0, "percent_covered_display": "100", "missing_lines": 0, "excluded_lines": 0, "percent_statements_covered": 100.0, "percent_statements_covered_display": "100"}, "missing_lines": [], "excluded_lines": [], "start_line": 292}, "PanelData.summary": {"executed_lines": [336, 337, 338, 339, 340, 341, 342, 343, 344, 345, 346, 347, 349, 350, 351, 352, 354, 356, 357, 360, 362], "summary": {"covered_lines": 21, "num_statements": 21, "percent_covered": 100.0, "percent_covered_display": "100", "missing_lines": 0, "excluded_lines": 0, "percent_statements_covered": 100.0, "percent_statements_covered_display": "100"}, "missing_lines": [], "excluded_lines": [], "start_line": 323}, "PanelData.__repr__": {"executed_lines": [366, 367], "summary": {"covered_lines": 2, "num_statements": 2, "percent_covered": 100.0, "percent_covered_display": "100", "missing_lines": 0, "excluded_lines": 0, "percent_statements_covered": 100.0, "percent_statements_covered_display": "100"}, "missing_lines": [], "excluded_lines": [], "start_line": 364}, "": {"executed_lines": [7, 9, 10, 13, 69, 103, 169, 212, 254, 292, 323, 364], "summary": {"covered_lines": 12, "num_statements": 12, "percent_covered": 100.0, "percent_covered_display": "100", "missing_lines": 0, "excluded_lines": 0, "percent_statements_covered": 100.0, "percent_statements_covered_display": "100"}, "missing_lines": [], "excluded_lines": [], "start_line": 1}}, "classes": {"PanelData": {"executed_lines": [71, 72, 74, 75, 77, 78, 81, 82, 83, 86, 89, 90, 91, 92, 95, 96, 97, 99, 100, 101, 131, 133, 134, 135, 139, 140, 141, 143, 145, 147, 148, 150, 152, 153, 155, 158, 159, 162, 163, 165, 167, 190, 191, 192, 193, 197, 198, 201, 204, 205, 208, 210, 237, 240, 241, 243, 245, 246, 247, 249, 250, 252, 275, 278, 279, 281, 283, 284, 287, 288, 290, 309, 310, 313, 316, 319, 321, 336, 337, 338, 339, 340, 341, 342, 343, 344, 345, 346, 347, 349, 350, 351, 352, 354, 356, 357, 360, 362, 366, 367], "summary": {"covered_lines": 100, "num_statements": 106, "percent_covered": 94.33962264150944, "percent_covered_display": "94", "missing_lines": 6, "excluded_lines": 0, "percent_statements_covered": 94.33962264150944, "percent_statements_covered_display": "94"}, "missing_lines": [136, 194, 199, 238, 276, 285], "excluded_lines": [], "start_line": 13}, "": {"executed_lines": [7, 9, 10, 13, 69, 103, 169, 212, 254, 292, 323, 364], "summary": {"covered_lines": 12, "num_statements": 12, "percent_covered": 100.0, "percent_covered_display": "100", "missing_lines": 0, "excluded_lines": 0, "percent_statements_covered": 100.0, "percent_statements_covered_display": "100"}, "missing_lines": [], "excluded_lines": [], "start_line": 1}}}, "panelbox/core/results.py": {"executed_lines": [8, 10, 11, 12, 13, 15, 16, 17, 23, 85, 98, 99, 100, 103, 104, 107, 108, 109, 110, 113, 114, 115, 116, 117, 120, 121, 124, 125, 128, 131, 134, 136, 137, 140, 141, 142, 143, 144, 145, 147, 148, 149, 150, 151, 153, 172, 173, 175, 179, 181, 205, 304, 307, 308, 309, 310, 311, 314, 315, 316, 319, 320, 321, 322, 323, 326, 327, 328, 329, 330, 331, 332, 333, 334, 335, 338, 340, 343, 346, 348, 350, 351, 352, 353, 354, 355, 356, 359, 360, 361, 362, 363, 364, 365, 368, 370, 375, 376, 377, 379, 381, 399, 400, 407, 408, 409, 410, 422, 460, 485, 486, 488, 489, 490, 491, 493, 495, 523, 525, 526, 527, 528, 529, 531, 535, 536, 565, 567, 568, 570, 571, 573, 578, 580, 611, 613, 614, 616, 625], "summary": {"covered_lines": 139, "num_statements": 148, "percent_covered": 93.91891891891892, "percent_covered_display": "94", "missing_lines": 9, "excluded_lines": 3, "percent_statements_covered": 93.91891891891892, "percent_statements_covered_display": "94"}, "missing_lines": [200, 201, 203, 366, 415, 416, 574, 618, 627], "excluded_lines": [19, 20, 206], "functions": {"PanelResults.__init__": {"executed_lines": [98, 99, 100, 103, 104, 107, 108, 109, 110, 113, 114, 115, 116, 117, 120, 121, 124, 125, 128, 131, 134, 136, 137, 140, 141, 142, 143, 144, 145, 147, 148, 149, 150, 151], "summary": {"covered_lines": 34, "num_statements": 34, "percent_covered": 100.0, "percent_covered_display": "100", "missing_lines": 0, "excluded_lines": 0, "percent_statements_covered": 100.0, "percent_statements_covered_display": "100"}, "missing_lines": [], "excluded_lines": [], "start_line": 85}, "PanelResults.conf_int": {"executed_lines": [172, 173, 175, 179], "summary": {"covered_lines": 4, "num_statements": 4, "percent_covered": 100.0, "percent_covered_display": "100", "missing_lines": 0, "excluded_lines": 0, "percent_statements_covered": 100.0, "percent_statements_covered_display": "100"}, "missing_lines": [], "excluded_lines": [], "start_line": 153}, "PanelResults.predict": {"executed_lines": [], "summary": {"covered_lines": 0, "num_statements": 3, "percent_covered": 0.0, "percent_covered_display": "0", "missing_lines": 3, "excluded_lines": 0, "percent_statements_covered": 0.0, "percent_statements_covered_display": "0"}, "missing_lines": [200, 201, 203], "excluded_lines": [], "start_line": 181}, "PanelResults.summary": {"executed_lines": [304, 307, 308, 309, 310, 311, 314, 315, 316, 319, 320, 321, 322, 323, 326, 327, 328, 329, 330, 331, 332, 333, 334, 335, 338, 340, 343, 346, 348, 350, 351, 352, 353, 354, 355, 356, 359, 360, 361, 362, 363, 364, 365, 368, 370, 375, 376, 377, 379], "summary": {"covered_lines": 49, "num_statements": 50, "percent_covered": 98.0, "percent_covered_display": "98", "missing_lines": 1, "excluded_lines": 1, "percent_statements_covered": 98.0, "percent_statements_covered_display": "98"}, "missing_lines": [366], "excluded_lines": [206], "start_line": 205}, "PanelResults.to_dict": {"executed_lines": [399, 400, 407, 408, 409, 410, 422], "summary": {"covered_lines": 7, "num_statements": 9, "percent_covered": 77.77777777777777, "percent_covered_display": "78", "missing_lines": 2, "excluded_lines": 0, "percent_statements_covered": 77.77777777777777, "percent_statements_covered_display": "78"}, "missing_lines": [415, 416], "excluded_lines": [], "start_line": 381}, "PanelResults.to_json": {"executed_lines": [485, 486, 488, 489, 490, 491, 493], "summary": {"covered_lines": 7, "num_statements": 7, "percent_covered": 100.0, "percent_covered_display": "100", "missing_lines": 0, "excluded_lines": 0, "percent_statements_covered": 100.0, "percent_statements_covered_display": "100"}, "missing_lines": [], "excluded_lines": [], "start_line": 460}, "PanelResults.save": {"executed_lines": [523, 525, 526, 527, 528, 529, 531], "summary": {"covered_lines": 7, "num_statements": 7, "percent_covered": 100.0, "percent_covered_display": "100", "missing_lines": 0, "excluded_lines": 0, "percent_statements_covered": 100.0, "percent_statements_covered_display": "100"}, "missing_lines": [], "excluded_lines": [], "start_line": 495}, "PanelResults.load": {"executed_lines": [565, 567, 568, 570, 571, 573, 578], "summary": {"covered_lines": 7, "num_statements": 8, "percent_covered": 87.5, "percent_covered_display": "88", "missing_lines": 1, "excluded_lines": 0, "percent_statements_covered": 87.5, "percent_statements_covered_display": "88"}, "missing_lines": [574], "excluded_lines": [], "start_line": 536}, "PanelResults.validate": {"executed_lines": [611, 613, 614], "summary": {"covered_lines": 3, "num_statements": 3, "percent_covered": 100.0, "percent_covered_display": "100", "missing_lines": 0, "excluded_lines": 0, "percent_statements_covered": 100.0, "percent_statements_covered_display": "100"}, "missing_lines": [], "excluded_lines": [], "start_line": 580}, "PanelResults.__repr__": {"executed_lines": [], "summary": {"covered_lines": 0, "num_statements": 1, "percent_covered": 0.0, "percent_covered_display": "0", "missing_lines": 1, "excluded_lines": 0, "percent_statements_covered": 0.0, "percent_statements_covered_display": "0"}, "missing_lines": [618], "excluded_lines": [], "start_line": 616}, "PanelResults.__str__": {"executed_lines": [], "summary": {"covered_lines": 0, "num_statements": 1, "percent_covered": 0.0, "percent_covered_display": "0", "missing_lines": 1, "excluded_lines": 0, "percent_statements_covered": 0.0, "percent_statements_covered_display": "0"}, "missing_lines": [627], "excluded_lines": [], "start_line": 625}, "": {"executed_lines": [8, 10, 11, 12, 13, 15, 16, 17, 23, 85, 153, 181, 205, 381, 460, 495, 535, 536, 580, 616, 625], "summary": {"covered_lines": 21, "num_statements": 21, "percent_covered": 100.0, "percent_covered_display": "100", "missing_lines": 0, "excluded_lines": 2, "percent_statements_covered": 100.0, "percent_statements_covered_display": "100"}, "missing_lines": [], "excluded_lines": [19, 20], "start_line": 1}}, "classes": {"PanelResults": {"executed_lines": [98, 99, 100, 103, 104, 107, 108, 109, 110, 113, 114, 115, 116, 117, 120, 121, 124, 125, 128, 131, 134, 136, 137, 140, 141, 142, 143, 144, 145, 147, 148, 149, 150, 151, 172, 173, 175, 179, 304, 307, 308, 309, 310, 311, 314, 315, 316, 319, 320, 321, 322, 323, 326, 327, 328, 329, 330, 331, 332, 333, 334, 335, 338, 340, 343, 346, 348, 350, 351, 352, 353, 354, 355, 356, 359, 360, 361, 362, 363, 364, 365, 368, 370, 375, 376, 377, 379, 399, 400, 407, 408, 409, 410, 422, 485, 486, 488, 489, 490, 491, 493, 523, 525, 526, 527, 528, 529, 531, 565, 567, 568, 570, 571, 573, 578, 611, 613, 614], "summary": {"covered_lines": 118, "num_statements": 127, "percent_covered": 92.91338582677166, "percent_covered_display": "93", "missing_lines": 9, "excluded_lines": 1, "percent_statements_covered": 92.91338582677166, "percent_statements_covered_display": "93"}, "missing_lines": [200, 201, 203, 366, 415, 416, 574, 618, 627], "excluded_lines": [206], "start_line": 23}, "": {"executed_lines": [8, 10, 11, 12, 13, 15, 16, 17, 23, 85, 153, 181, 205, 381, 460, 495, 535, 536, 580, 616, 625], "summary": {"covered_lines": 21, "num_statements": 21, "percent_covered": 100.0, "percent_covered_display": "100", "missing_lines": 0, "excluded_lines": 2, "percent_statements_covered": 100.0, "percent_statements_covered_display": "100"}, "missing_lines": [], "excluded_lines": [19, 20], "start_line": 1}}}, "panelbox/datasets/__init__.py": {"executed_lines": [27, 29], "summary": {"covered_lines": 2, "num_statements": 2, "percent_covered": 100.0, "percent_covered_display": "100", "missing_lines": 0, "excluded_lines": 0, "percent_statements_covered": 100.0, "percent_statements_covered_display": "100"}, "missing_lines": [], "excluded_lines": [], "functions": {"": {"executed_lines": [27, 29], "summary": {"covered_lines": 2, "num_statements": 2, "percent_covered": 100.0, "percent_covered_display": "100", "missing_lines": 0, "excluded_lines": 0, "percent_statements_covered": 100.0, "percent_statements_covered_display": "100"}, "missing_lines": [], "excluded_lines": [], "start_line": 1}}, "classes": {"": {"executed_lines": [27, 29], "summary": {"covered_lines": 2, "num_statements": 2, "percent_covered": 100.0, "percent_covered_display": "100", "missing_lines": 0, "excluded_lines": 0, "percent_statements_covered": 100.0, "percent_statements_covered_display": "100"}, "missing_lines": [], "excluded_lines": [], "start_line": 1}}}, "panelbox/datasets/load.py": {"executed_lines": [14, 15, 17, 23, 25, 28, 105, 106, 108, 109, 111, 113, 116, 184, 186, 189, 191, 192, 195, 196, 197, 199, 202, 219, 220, 222, 223, 224, 225, 226, 228, 231, 261, 280, 292, 293, 294, 295, 296, 297, 299, 300, 303, 305, 306, 307, 309, 310, 311, 312, 315, 316, 321, 325, 341, 342, 343, 344, 347, 348, 351, 352, 353], "summary": {"covered_lines": 63, "num_statements": 68, "percent_covered": 92.6470588235294, "percent_covered_display": "93", "missing_lines": 5, "excluded_lines": 3, "percent_statements_covered": 92.6470588235294, "percent_statements_covered_display": "93"}, "missing_lines": [187, 301, 318, 319, 349], "excluded_lines": [19, 20, 117], "functions": {"_get_data_path": {"executed_lines": [25], "summary": {"covered_lines": 1, "num_statements": 1, "percent_covered": 100.0, "percent_covered_display": "100", "missing_lines": 0, "excluded_lines": 0, "percent_statements_covered": 100.0, "percent_statements_covered_display": "100"}, "missing_lines": [], "excluded_lines": [], "start_line": 23}, "load_grunfeld": {"executed_lines": [105, 106, 108, 109, 111, 113], "summary": {"covered_lines": 6, "num_statements": 6, "percent_covered": 100.0, "percent_covered_display": "100", "missing_lines": 0, "excluded_lines": 0, "percent_statements_covered": 100.0, "percent_statements_covered_display": "100"}, "missing_lines": [], "excluded_lines": [], "start_line": 28}, "load_abdata": {"executed_lines": [184, 186, 189, 191, 192, 195, 196, 197, 199], "summary": {"covered_lines": 9, "num_statements": 10, "percent_covered": 90.0, "percent_covered_display": "90", "missing_lines": 1, "excluded_lines": 1, "percent_statements_covered": 90.0, "percent_statements_covered_display": "90"}, "missing_lines": [187], "excluded_lines": [117], "start_line": 116}, "list_datasets": {"executed_lines": [219, 220, 222, 223, 224, 225, 226, 228], "summary": {"covered_lines": 8, "num_statements": 8, "percent_covered": 100.0, "percent_covered_display": "100", "missing_lines": 0, "excluded_lines": 0, "percent_statements_covered": 100.0, "percent_statements_covered_display": "100"}, "missing_lines": [], "excluded_lines": [], "start_line": 202}, "get_dataset_info": {"executed_lines": [261, 280, 292, 293, 294, 295, 296, 297, 299, 300, 303, 305, 306, 307, 309, 310, 311, 312, 315, 316, 321], "summary": {"covered_lines": 21, "num_statements": 24, "percent_covered": 87.5, "percent_covered_display": "88", "missing_lines": 3, "excluded_lines": 0, "percent_statements_covered": 87.5, "percent_statements_covered_display": "88"}, "missing_lines": [301, 318, 319], "excluded_lines": [], "start_line": 231}, "load_dataset": {"executed_lines": [341, 342, 343, 344, 347, 348, 351, 352, 353], "summary": {"covered_lines": 9, "num_statements": 10, "percent_covered": 90.0, "percent_covered_display": "90", "missing_lines": 1, "excluded_lines": 0, "percent_statements_covered": 90.0, "percent_statements_covered_display": "90"}, "missing_lines": [349], "excluded_lines": [], "start_line": 325}, "": {"executed_lines": [14, 15, 17, 23, 28, 116, 202, 231, 325], "summary": {"covered_lines": 9, "num_statements": 9, "percent_covered": 100.0, "percent_covered_display": "100", "missing_lines": 0, "excluded_lines": 2, "percent_statements_covered": 100.0, "percent_statements_covered_display": "100"}, "missing_lines": [], "excluded_lines": [19, 20], "start_line": 1}}, "classes": {"": {"executed_lines": [14, 15, 17, 23, 25, 28, 105, 106, 108, 109, 111, 113, 116, 184, 186, 189, 191, 192, 195, 196, 197, 199, 202, 219, 220, 222, 223, 224, 225, 226, 228, 231, 261, 280, 292, 293, 294, 295, 296, 297, 299, 300, 303, 305, 306, 307, 309, 310, 311, 312, 315, 316, 321, 325, 341, 342, 343, 344, 347, 348, 351, 352, 353], "summary": {"covered_lines": 63, "num_statements": 68, "percent_covered": 92.6470588235294, "percent_covered_display": "93", "missing_lines": 5, "excluded_lines": 3, "percent_statements_covered": 92.6470588235294, "percent_statements_covered_display": "93"}, "missing_lines": [187, 301, 318, 319, 349], "excluded_lines": [19, 20, 117], "start_line": 1}}}, "panelbox/experiment/__init__.py": {"executed_lines": [8, 10], "summary": {"covered_lines": 2, "num_statements": 2, "percent_covered": 100.0, "percent_covered_display": "100", "missing_lines": 0, "excluded_lines": 0, "percent_statements_covered": 100.0, "percent_statements_covered_display": "100"}, "missing_lines": [], "excluded_lines": [], "functions": {"": {"executed_lines": [8, 10], "summary": {"covered_lines": 2, "num_statements": 2, "percent_covered": 100.0, "percent_covered_display": "100", "missing_lines": 0, "excluded_lines": 0, "percent_statements_covered": 100.0, "percent_statements_covered_display": "100"}, "missing_lines": [], "excluded_lines": [], "start_line": 1}}, "classes": {"": {"executed_lines": [8, 10], "summary": {"covered_lines": 2, "num_statements": 2, "percent_covered": 100.0, "percent_covered_display": "100", "missing_lines": 0, "excluded_lines": 0, "percent_statements_covered": 100.0, "percent_statements_covered_display": "100"}, "missing_lines": [], "excluded_lines": [], "start_line": 1}}}, "panelbox/experiment/panel_experiment.py": {"executed_lines": [8, 9, 11, 14, 68, 77, 98, 99, 100, 101, 104, 107, 108, 113, 114, 117, 120, 122, 133, 136, 140, 149, 152, 155, 183, 185, 192, 196, 200, 201, 202, 205, 206, 213, 215, 217, 231, 233, 257, 263, 265, 285, 287, 289, 314, 334, 335, 340, 341, 342, 348, 349, 350, 356, 357, 358, 367, 369, 400, 403, 406, 414, 446, 449, 450, 451, 454, 456, 493, 494, 497, 504, 505, 506, 507, 510, 511, 513, 515, 566, 569, 572, 573, 574, 575, 578, 580, 655, 657, 660, 661, 667, 675, 676, 677, 678, 680, 689, 692, 695, 696, 699, 707, 708, 709, 714, 715, 724, 725, 726, 728, 730], "summary": {"covered_lines": 112, "num_statements": 142, "percent_covered": 78.87323943661971, "percent_covered_display": "79", "missing_lines": 30, "excluded_lines": 0, "percent_statements_covered": 78.87323943661971, "percent_statements_covered_display": "79"}, "missing_lines": [110, 134, 137, 142, 143, 150, 153, 186, 193, 197, 258, 259, 286, 304, 305, 308, 311, 312, 336, 337, 346, 354, 362, 365, 498, 690, 711, 732, 733, 735], "excluded_lines": [], "functions": {"PanelExperiment.__init__": {"executed_lines": [98, 99, 100, 101, 104, 107, 108, 113, 114, 117, 120], "summary": {"covered_lines": 11, "num_statements": 12, "percent_covered": 91.66666666666667, "percent_covered_display": "92", "missing_lines": 1, "excluded_lines": 0, "percent_statements_covered": 91.66666666666667, "percent_statements_covered_display": "92"}, "missing_lines": [110], "excluded_lines": [], "start_line": 77}, "PanelExperiment._validate_data": {"executed_lines": [133, 136, 140, 149, 152], "summary": {"covered_lines": 5, "num_statements": 11, "percent_covered": 45.45454545454545, "percent_covered_display": "45", "missing_lines": 6, "excluded_lines": 0, "percent_statements_covered": 45.45454545454545, "percent_statements_covered_display": "45"}, "missing_lines": [134, 137, 142, 143, 150, 153], "excluded_lines": [], "start_line": 122}, "PanelExperiment.fit_model": {"executed_lines": [183, 185, 192, 196, 200, 201, 202, 205, 206, 213, 215], "summary": {"covered_lines": 11, "num_statements": 14, "percent_covered": 78.57142857142857, "percent_covered_display": "79", "missing_lines": 3, "excluded_lines": 0, "percent_statements_covered": 78.57142857142857, "percent_statements_covered_display": "79"}, "missing_lines": [186, 193, 197], "excluded_lines": [], "start_line": 155}, "PanelExperiment.list_models": {"executed_lines": [231], "summary": {"covered_lines": 1, "num_statements": 1, "percent_covered": 100.0, "percent_covered_display": "100", "missing_lines": 0, "excluded_lines": 0, "percent_statements_covered": 100.0, "percent_statements_covered_display": "100"}, "missing_lines": [], "excluded_lines": [], "start_line": 217}, "PanelExperiment.get_model": {"executed_lines": [257, 263], "summary": {"covered_lines": 2, "num_statements": 4, "percent_covered": 50.0, "percent_covered_display": "50", "missing_lines": 2, "excluded_lines": 0, "percent_statements_covered": 50.0, "percent_statements_covered_display": "50"}, "missing_lines": [258, 259], "excluded_lines": [], "start_line": 233}, "PanelExperiment.get_model_metadata": {"executed_lines": [285, 287], "summary": {"covered_lines": 2, "num_statements": 3, "percent_covered": 66.66666666666667, "percent_covered_display": "67", "missing_lines": 1, "excluded_lines": 0, "percent_statements_covered": 66.66666666666667, "percent_statements_covered_display": "67"}, "missing_lines": [286], "excluded_lines": [], "start_line": 265}, "PanelExperiment._generate_model_name": {"executed_lines": [], "summary": {"covered_lines": 0, "num_statements": 5, "percent_covered": 0.0, "percent_covered_display": "0", "missing_lines": 5, "excluded_lines": 0, "percent_statements_covered": 0.0, "percent_statements_covered_display": "0"}, "missing_lines": [304, 305, 308, 311, 312], "excluded_lines": [], "start_line": 289}, "PanelExperiment._create_model": {"executed_lines": [334, 335, 340, 341, 342, 348, 349, 350, 356, 357, 358, 367], "summary": {"covered_lines": 12, "num_statements": 18, "percent_covered": 66.66666666666667, "percent_covered_display": "67", "missing_lines": 6, "excluded_lines": 0, "percent_statements_covered": 66.66666666666667, "percent_statements_covered_display": "67"}, "missing_lines": [336, 337, 346, 354, 362, 365], "excluded_lines": [], "start_line": 314}, "PanelExperiment.validate_model": {"executed_lines": [400, 403, 406], "summary": {"covered_lines": 3, "num_statements": 3, "percent_covered": 100.0, "percent_covered_display": "100", "missing_lines": 0, "excluded_lines": 0, "percent_statements_covered": 100.0, "percent_statements_covered_display": "100"}, "missing_lines": [], "excluded_lines": [], "start_line": 369}, "PanelExperiment.compare_models": {"executed_lines": [446, 449, 450, 451, 454], "summary": {"covered_lines": 5, "num_statements": 5, "percent_covered": 100.0, "percent_covered_display": "100", "missing_lines": 0, "excluded_lines": 0, "percent_statements_covered": 100.0, "percent_statements_covered_display": "100"}, "missing_lines": [], "excluded_lines": [], "start_line": 414}, "PanelExperiment.fit_all_models": {"executed_lines": [493, 494, 497, 504, 505, 506, 507, 510, 511, 513], "summary": {"covered_lines": 10, "num_statements": 11, "percent_covered": 90.9090909090909, "percent_covered_display": "91", "missing_lines": 1, "excluded_lines": 0, "percent_statements_covered": 90.9090909090909, "percent_statements_covered_display": "91"}, "missing_lines": [498], "excluded_lines": [], "start_line": 456}, "PanelExperiment.analyze_residuals": {"executed_lines": [566, 569, 572, 573, 574, 575, 578], "summary": {"covered_lines": 7, "num_statements": 7, "percent_covered": 100.0, "percent_covered_display": "100", "missing_lines": 0, "excluded_lines": 0, "percent_statements_covered": 100.0, "percent_statements_covered_display": "100"}, "missing_lines": [], "excluded_lines": [], "start_line": 515}, "PanelExperiment.save_master_report": {"executed_lines": [655, 657, 660, 661, 667, 675, 676, 677, 678, 680, 689, 692, 695, 696, 699, 707, 708, 709, 714, 715, 724, 725, 726, 728], "summary": {"covered_lines": 24, "num_statements": 26, "percent_covered": 92.3076923076923, "percent_covered_display": "92", "missing_lines": 2, "excluded_lines": 0, "percent_statements_covered": 92.3076923076923, "percent_statements_covered_display": "92"}, "missing_lines": [690, 711], "excluded_lines": [], "start_line": 580}, "PanelExperiment.__repr__": {"executed_lines": [], "summary": {"covered_lines": 0, "num_statements": 3, "percent_covered": 0.0, "percent_covered_display": "0", "missing_lines": 3, "excluded_lines": 0, "percent_statements_covered": 0.0, "percent_statements_covered_display": "0"}, "missing_lines": [732, 733, 735], "excluded_lines": [], "start_line": 730}, "": {"executed_lines": [8, 9, 11, 14, 68, 77, 122, 155, 217, 233, 265, 289, 314, 369, 414, 456, 515, 580, 730], "summary": {"covered_lines": 19, "num_statements": 19, "percent_covered": 100.0, "percent_covered_display": "100", "missing_lines": 0, "excluded_lines": 0, "percent_statements_covered": 100.0, "percent_statements_covered_display": "100"}, "missing_lines": [], "excluded_lines": [], "start_line": 1}}, "classes": {"PanelExperiment": {"executed_lines": [98, 99, 100, 101, 104, 107, 108, 113, 114, 117, 120, 133, 136, 140, 149, 152, 183, 185, 192, 196, 200, 201, 202, 205, 206, 213, 215, 231, 257, 263, 285, 287, 334, 335, 340, 341, 342, 348, 349, 350, 356, 357, 358, 367, 400, 403, 406, 446, 449, 450, 451, 454, 493, 494, 497, 504, 505, 506, 507, 510, 511, 513, 566, 569, 572, 573, 574, 575, 578, 655, 657, 660, 661, 667, 675, 676, 677, 678, 680, 689, 692, 695, 696, 699, 707, 708, 709, 714, 715, 724, 725, 726, 728], "summary": {"covered_lines": 93, "num_statements": 123, "percent_covered": 75.60975609756098, "percent_covered_display": "76", "missing_lines": 30, "excluded_lines": 0, "percent_statements_covered": 75.60975609756098, "percent_statements_covered_display": "76"}, "missing_lines": [110, 134, 137, 142, 143, 150, 153, 186, 193, 197, 258, 259, 286, 304, 305, 308, 311, 312, 336, 337, 346, 354, 362, 365, 498, 690, 711, 732, 733, 735], "excluded_lines": [], "start_line": 14}, "": {"executed_lines": [8, 9, 11, 14, 68, 77, 122, 155, 217, 233, 265, 289, 314, 369, 414, 456, 515, 580, 730], "summary": {"covered_lines": 19, "num_statements": 19, "percent_covered": 100.0, "percent_covered_display": "100", "missing_lines": 0, "excluded_lines": 0, "percent_statements_covered": 100.0, "percent_statements_covered_display": "100"}, "missing_lines": [], "excluded_lines": [], "start_line": 1}}}, "panelbox/experiment/results/__init__.py": {"executed_lines": [8, 9, 10, 11, 13], "summary": {"covered_lines": 5, "num_statements": 5, "percent_covered": 100.0, "percent_covered_display": "100", "missing_lines": 0, "excluded_lines": 0, "percent_statements_covered": 100.0, "percent_statements_covered_display": "100"}, "missing_lines": [], "excluded_lines": [], "functions": {"": {"executed_lines": [8, 9, 10, 11, 13], "summary": {"covered_lines": 5, "num_statements": 5, "percent_covered": 100.0, "percent_covered_display": "100", "missing_lines": 0, "excluded_lines": 0, "percent_statements_covered": 100.0, "percent_statements_covered_display": "100"}, "missing_lines": [], "excluded_lines": [], "start_line": 1}}, "classes": {"": {"executed_lines": [8, 9, 10, 11, 13], "summary": {"covered_lines": 5, "num_statements": 5, "percent_covered": 100.0, "percent_covered_display": "100", "missing_lines": 0, "excluded_lines": 0, "percent_statements_covered": 100.0, "percent_statements_covered_display": "100"}, "missing_lines": [], "excluded_lines": [], "start_line": 1}}}, "panelbox/experiment/results/base.py": {"executed_lines": [8, 9, 10, 11, 12, 13, 16, 50, 63, 64, 66, 67, 85, 86, 107, 162, 165, 168, 172, 173, 176, 179, 188, 189, 192, 195, 197, 221, 224, 227, 234, 235, 237, 239, 252], "summary": {"covered_lines": 35, "num_statements": 42, "percent_covered": 83.33333333333333, "percent_covered_display": "83", "missing_lines": 7, "excluded_lines": 2, "percent_statements_covered": 83.33333333333333, "percent_statements_covered_display": "83"}, "missing_lines": [83, 105, 169, 193, 248, 250, 254], "excluded_lines": [17, 87], "functions": {"BaseResult.__init__": {"executed_lines": [63, 64], "summary": {"covered_lines": 2, "num_statements": 2, "percent_covered": 100.0, "percent_covered_display": "100", "missing_lines": 0, "excluded_lines": 0, "percent_statements_covered": 100.0, "percent_statements_covered_display": "100"}, "missing_lines": [], "excluded_lines": [], "start_line": 50}, "BaseResult.to_dict": {"executed_lines": [], "summary": {"covered_lines": 0, "num_statements": 1, "percent_covered": 0.0, "percent_covered_display": "0", "missing_lines": 1, "excluded_lines": 0, "percent_statements_covered": 0.0, "percent_statements_covered_display": "0"}, "missing_lines": [83], "excluded_lines": [], "start_line": 67}, "BaseResult.summary": {"executed_lines": [], "summary": {"covered_lines": 0, "num_statements": 1, "percent_covered": 0.0, "percent_covered_display": "0", "missing_lines": 1, "excluded_lines": 1, "percent_statements_covered": 0.0, "percent_statements_covered_display": "0"}, "missing_lines": [105], "excluded_lines": [87], "start_line": 86}, "BaseResult.save_html": {"executed_lines": [162, 165, 168, 172, 173, 176, 179, 188, 189, 192, 195], "summary": {"covered_lines": 11, "num_statements": 13, "percent_covered": 84.61538461538461, "percent_covered_display": "85", "missing_lines": 2, "excluded_lines": 0, "percent_statements_covered": 84.61538461538461, "percent_statements_covered_display": "85"}, "missing_lines": [169, 193], "excluded_lines": [], "start_line": 107}, "BaseResult.save_json": {"executed_lines": [221, 224, 227, 234, 235, 237], "summary": {"covered_lines": 6, "num_statements": 6, "percent_covered": 100.0, "percent_covered_display": "100", "missing_lines": 0, "excluded_lines": 0, "percent_statements_covered": 100.0, "percent_statements_covered_display": "100"}, "missing_lines": [], "excluded_lines": [], "start_line": 197}, "BaseResult._get_report_manager": {"executed_lines": [], "summary": {"covered_lines": 0, "num_statements": 2, "percent_covered": 0.0, "percent_covered_display": "0", "missing_lines": 2, "excluded_lines": 0, "percent_statements_covered": 0.0, "percent_statements_covered_display": "0"}, "missing_lines": [248, 250], "excluded_lines": [], "start_line": 239}, "BaseResult.__repr__": {"executed_lines": [], "summary": {"covered_lines": 0, "num_statements": 1, "percent_covered": 0.0, "percent_covered_display": "0", "missing_lines": 1, "excluded_lines": 0, "percent_statements_covered": 0.0, "percent_statements_covered_display": "0"}, "missing_lines": [254], "excluded_lines": [], "start_line": 252}, "": {"executed_lines": [8, 9, 10, 11, 12, 13, 16, 50, 66, 67, 85, 86, 107, 197, 239, 252], "summary": {"covered_lines": 16, "num_statements": 16, "percent_covered": 100.0, "percent_covered_display": "100", "missing_lines": 0, "excluded_lines": 1, "percent_statements_covered": 100.0, "percent_statements_covered_display": "100"}, "missing_lines": [], "excluded_lines": [17], "start_line": 1}}, "classes": {"BaseResult": {"executed_lines": [63, 64, 162, 165, 168, 172, 173, 176, 179, 188, 189, 192, 195, 221, 224, 227, 234, 235, 237], "summary": {"covered_lines": 19, "num_statements": 26, "percent_covered": 73.07692307692308, "percent_covered_display": "73", "missing_lines": 7, "excluded_lines": 1, "percent_statements_covered": 73.07692307692308, "percent_statements_covered_display": "73"}, "missing_lines": [83, 105, 169, 193, 248, 250, 254], "excluded_lines": [87], "start_line": 16}, "": {"executed_lines": [8, 9, 10, 11, 12, 13, 16, 50, 66, 67, 85, 86, 107, 197, 239, 252], "summary": {"covered_lines": 16, "num_statements": 16, "percent_covered": 100.0, "percent_covered_display": "100", "missing_lines": 0, "excluded_lines": 1, "percent_statements_covered": 100.0, "percent_statements_covered_display": "100"}, "missing_lines": [], "excluded_lines": [17], "start_line": 1}}}, "panelbox/experiment/results/comparison_result.py": {"executed_lines": [8, 9, 11, 14, 73, 94, 96, 99, 100, 102, 111, 113, 114, 125, 138, 140, 142, 160, 161, 164, 165, 168, 169, 172, 173, 178, 189, 191, 270, 310, 311, 325, 327, 328, 342, 344, 345, 382, 384, 388, 389, 393, 396, 398], "summary": {"covered_lines": 44, "num_statements": 103, "percent_covered": 42.71844660194175, "percent_covered_display": "43", "missing_lines": 59, "excluded_lines": 1, "percent_statements_covered": 42.71844660194175, "percent_statements_covered_display": "43"}, "missing_lines": [97, 126, 127, 128, 131, 134, 136, 174, 175, 208, 209, 210, 211, 212, 215, 216, 217, 220, 221, 224, 225, 226, 229, 230, 231, 232, 233, 235, 236, 237, 238, 240, 241, 243, 244, 247, 248, 251, 252, 253, 256, 257, 258, 261, 262, 263, 265, 266, 268, 294, 300, 301, 303, 304, 306, 308, 385, 390, 400], "excluded_lines": [192], "functions": {"ComparisonResult.__init__": {"executed_lines": [94, 96, 99, 100], "summary": {"covered_lines": 4, "num_statements": 5, "percent_covered": 80.0, "percent_covered_display": "80", "missing_lines": 1, "excluded_lines": 0, "percent_statements_covered": 80.0, "percent_statements_covered_display": "80"}, "missing_lines": [97], "excluded_lines": [], "start_line": 73}, "ComparisonResult._compute_metrics": {"executed_lines": [111, 113, 114, 125, 138, 140], "summary": {"covered_lines": 6, "num_statements": 12, "percent_covered": 50.0, "percent_covered_display": "50", "missing_lines": 6, "excluded_lines": 0, "percent_statements_covered": 50.0, "percent_statements_covered_display": "50"}, "missing_lines": [126, 127, 128, 131, 134, 136], "excluded_lines": [], "start_line": 102}, "ComparisonResult.to_dict": {"executed_lines": [160, 161, 164, 165, 168, 169, 172, 173, 178, 189], "summary": {"covered_lines": 10, "num_statements": 12, "percent_covered": 83.33333333333333, "percent_covered_display": "83", "missing_lines": 2, "excluded_lines": 0, "percent_statements_covered": 83.33333333333333, "percent_statements_covered_display": "83"}, "missing_lines": [174, 175], "excluded_lines": [], "start_line": 142}, "ComparisonResult.summary": {"executed_lines": [], "summary": {"covered_lines": 0, "num_statements": 40, "percent_covered": 0.0, "percent_covered_display": "0", "missing_lines": 40, "excluded_lines": 1, "percent_statements_covered": 0.0, "percent_statements_covered_display": "0"}, "missing_lines": [208, 209, 210, 211, 212, 215, 216, 217, 220, 221, 224, 225, 226, 229, 230, 231, 232, 233, 235, 236, 237, 238, 240, 241, 243, 244, 247, 248, 251, 252, 253, 256, 257, 258, 261, 262, 263, 265, 266, 268], "excluded_lines": [192], "start_line": 191}, "ComparisonResult.best_model": {"executed_lines": [], "summary": {"covered_lines": 0, "num_statements": 7, "percent_covered": 0.0, "percent_covered_display": "0", "missing_lines": 7, "excluded_lines": 0, "percent_statements_covered": 0.0, "percent_statements_covered_display": "0"}, "missing_lines": [294, 300, 301, 303, 304, 306, 308], "excluded_lines": [], "start_line": 270}, "ComparisonResult.model_names": {"executed_lines": [325], "summary": {"covered_lines": 1, "num_statements": 1, "percent_covered": 100.0, "percent_covered_display": "100", "missing_lines": 0, "excluded_lines": 0, "percent_statements_covered": 100.0, "percent_statements_covered_display": "100"}, "missing_lines": [], "excluded_lines": [], "start_line": 311}, "ComparisonResult.n_models": {"executed_lines": [342], "summary": {"covered_lines": 1, "num_statements": 1, "percent_covered": 100.0, "percent_covered_display": "100", "missing_lines": 0, "excluded_lines": 0, "percent_statements_covered": 100.0, "percent_statements_covered_display": "100"}, "missing_lines": [], "excluded_lines": [], "start_line": 328}, "ComparisonResult.from_experiment": {"executed_lines": [382, 384, 388, 389, 393, 396], "summary": {"covered_lines": 6, "num_statements": 8, "percent_covered": 75.0, "percent_covered_display": "75", "missing_lines": 2, "excluded_lines": 0, "percent_statements_covered": 75.0, "percent_statements_covered_display": "75"}, "missing_lines": [385, 390], "excluded_lines": [], "start_line": 345}, "ComparisonResult.__repr__": {"executed_lines": [], "summary": {"covered_lines": 0, "num_statements": 1, "percent_covered": 0.0, "percent_covered_display": "0", "missing_lines": 1, "excluded_lines": 0, "percent_statements_covered": 0.0, "percent_statements_covered_display": "0"}, "missing_lines": [400], "excluded_lines": [], "start_line": 398}, "": {"executed_lines": [8, 9, 11, 14, 73, 102, 142, 191, 270, 310, 311, 327, 328, 344, 345, 398], "summary": {"covered_lines": 16, "num_statements": 16, "percent_covered": 100.0, "percent_covered_display": "100", "missing_lines": 0, "excluded_lines": 0, "percent_statements_covered": 100.0, "percent_statements_covered_display": "100"}, "missing_lines": [], "excluded_lines": [], "start_line": 1}}, "classes": {"ComparisonResult": {"executed_lines": [94, 96, 99, 100, 111, 113, 114, 125, 138, 140, 160, 161, 164, 165, 168, 169, 172, 173, 178, 189, 325, 342, 382, 384, 388, 389, 393, 396], "summary": {"covered_lines": 28, "num_statements": 87, "percent_covered": 32.18390804597701, "percent_covered_display": "32", "missing_lines": 59, "excluded_lines": 1, "percent_statements_covered": 32.18390804597701, "percent_statements_covered_display": "32"}, "missing_lines": [97, 126, 127, 128, 131, 134, 136, 174, 175, 208, 209, 210, 211, 212, 215, 216, 217, 220, 221, 224, 225, 226, 229, 230, 231, 232, 233, 235, 236, 237, 238, 240, 241, 243, 244, 247, 248, 251, 252, 253, 256, 257, 258, 261, 262, 263, 265, 266, 268, 294, 300, 301, 303, 304, 306, 308, 385, 390, 400], "excluded_lines": [192], "start_line": 14}, "": {"executed_lines": [8, 9, 11, 14, 73, 102, 142, 191, 270, 310, 311, 327, 328, 344, 345, 398], "summary": {"covered_lines": 16, "num_statements": 16, "percent_covered": 100.0, "percent_covered_display": "100", "missing_lines": 0, "excluded_lines": 0, "percent_statements_covered": 100.0, "percent_statements_covered_display": "100"}, "missing_lines": [], "excluded_lines": [], "start_line": 1}}}, "panelbox/experiment/results/residual_result.py": {"executed_lines": [8, 10, 11, 13, 16, 79, 106, 108, 109, 110, 113, 116, 118, 120, 121, 127, 129, 130, 138, 141, 143, 147, 149, 153, 154, 180, 181, 183, 184, 213, 215, 217, 218, 248, 250, 253, 255, 256, 274, 275, 279, 280, 282, 284, 285, 287, 289, 290, 292, 294, 295, 297, 299, 300, 302, 304, 305, 307, 311, 334, 337, 338, 341, 342, 343, 345, 372, 382, 384, 386, 388, 391, 393, 434, 435, 436, 437, 440, 466, 467, 469, 470, 474, 475, 479, 480, 484, 486, 488, 492, 493, 526, 528, 530], "summary": {"covered_lines": 94, "num_statements": 110, "percent_covered": 85.45454545454545, "percent_covered_display": "85", "missing_lines": 16, "excluded_lines": 0, "percent_statements_covered": 85.45454545454545, "percent_statements_covered_display": "85"}, "missing_lines": [114, 122, 123, 125, 131, 132, 133, 134, 136, 142, 144, 387, 389, 472, 477, 482], "excluded_lines": [], "functions": {"ResidualResult.__init__": {"executed_lines": [106, 108, 109, 110, 113, 116], "summary": {"covered_lines": 6, "num_statements": 7, "percent_covered": 85.71428571428571, "percent_covered_display": "86", "missing_lines": 1, "excluded_lines": 0, "percent_statements_covered": 85.71428571428571, "percent_statements_covered_display": "86"}, "missing_lines": [114], "excluded_lines": [], "start_line": 79}, "ResidualResult._extract_residuals": {"executed_lines": [120, 121], "summary": {"covered_lines": 2, "num_statements": 5, "percent_covered": 40.0, "percent_covered_display": "40", "missing_lines": 3, "excluded_lines": 0, "percent_statements_covered": 40.0, "percent_statements_covered_display": "40"}, "missing_lines": [122, 123, 125], "excluded_lines": [], "start_line": 118}, "ResidualResult._extract_fitted": {"executed_lines": [129, 130], "summary": {"covered_lines": 2, "num_statements": 7, "percent_covered": 28.571428571428573, "percent_covered_display": "29", "missing_lines": 5, "excluded_lines": 0, "percent_statements_covered": 28.571428571428573, "percent_statements_covered_display": "29"}, "missing_lines": [131, 132, 133, 134, 136], "excluded_lines": [], "start_line": 127}, "ResidualResult._compute_standardized_residuals": {"executed_lines": [141, 143, 147, 149], "summary": {"covered_lines": 4, "num_statements": 6, "percent_covered": 66.66666666666667, "percent_covered_display": "67", "missing_lines": 2, "excluded_lines": 0, "percent_statements_covered": 66.66666666666667, "percent_statements_covered_display": "67"}, "missing_lines": [142, 144], "excluded_lines": [], "start_line": 138}, "ResidualResult.shapiro_test": {"executed_lines": [180, 181], "summary": {"covered_lines": 2, "num_statements": 2, "percent_covered": 100.0, "percent_covered_display": "100", "missing_lines": 0, "excluded_lines": 0, "percent_statements_covered": 100.0, "percent_statements_covered_display": "100"}, "missing_lines": [], "excluded_lines": [], "start_line": 154}, "ResidualResult.durbin_watson": {"executed_lines": [213, 215], "summary": {"covered_lines": 2, "num_statements": 2, "percent_covered": 100.0, "percent_covered_display": "100", "missing_lines": 0, "excluded_lines": 0, "percent_statements_covered": 100.0, "percent_statements_covered_display": "100"}, "missing_lines": [], "excluded_lines": [], "start_line": 184}, "ResidualResult.ljung_box": {"executed_lines": [248, 250, 253], "summary": {"covered_lines": 3, "num_statements": 3, "percent_covered": 100.0, "percent_covered_display": "100", "missing_lines": 0, "excluded_lines": 0, "percent_statements_covered": 100.0, "percent_statements_covered_display": "100"}, "missing_lines": [], "excluded_lines": [], "start_line": 218}, "ResidualResult.jarque_bera": {"executed_lines": [274, 275], "summary": {"covered_lines": 2, "num_statements": 2, "percent_covered": 100.0, "percent_covered_display": "100", "missing_lines": 0, "excluded_lines": 0, "percent_statements_covered": 100.0, "percent_statements_covered_display": "100"}, "missing_lines": [], "excluded_lines": [], "start_line": 256}, "ResidualResult.mean": {"executed_lines": [282], "summary": {"covered_lines": 1, "num_statements": 1, "percent_covered": 100.0, "percent_covered_display": "100", "missing_lines": 0, "excluded_lines": 0, "percent_statements_covered": 100.0, "percent_statements_covered_display": "100"}, "missing_lines": [], "excluded_lines": [], "start_line": 280}, "ResidualResult.std": {"executed_lines": [287], "summary": {"covered_lines": 1, "num_statements": 1, "percent_covered": 100.0, "percent_covered_display": "100", "missing_lines": 0, "excluded_lines": 0, "percent_statements_covered": 100.0, "percent_statements_covered_display": "100"}, "missing_lines": [], "excluded_lines": [], "start_line": 285}, "ResidualResult.skewness": {"executed_lines": [292], "summary": {"covered_lines": 1, "num_statements": 1, "percent_covered": 100.0, "percent_covered_display": "100", "missing_lines": 0, "excluded_lines": 0, "percent_statements_covered": 100.0, "percent_statements_covered_display": "100"}, "missing_lines": [], "excluded_lines": [], "start_line": 290}, "ResidualResult.kurtosis": {"executed_lines": [297], "summary": {"covered_lines": 1, "num_statements": 1, "percent_covered": 100.0, "percent_covered_display": "100", "missing_lines": 0, "excluded_lines": 0, "percent_statements_covered": 100.0, "percent_statements_covered_display": "100"}, "missing_lines": [], "excluded_lines": [], "start_line": 295}, "ResidualResult.min": {"executed_lines": [302], "summary": {"covered_lines": 1, "num_statements": 1, "percent_covered": 100.0, "percent_covered_display": "100", "missing_lines": 0, "excluded_lines": 0, "percent_statements_covered": 100.0, "percent_statements_covered_display": "100"}, "missing_lines": [], "excluded_lines": [], "start_line": 300}, "ResidualResult.max": {"executed_lines": [307], "summary": {"covered_lines": 1, "num_statements": 1, "percent_covered": 100.0, "percent_covered_display": "100", "missing_lines": 0, "excluded_lines": 0, "percent_statements_covered": 100.0, "percent_statements_covered_display": "100"}, "missing_lines": [], "excluded_lines": [], "start_line": 305}, "ResidualResult.to_dict": {"executed_lines": [334, 337, 338, 341, 342, 343, 345, 372, 382], "summary": {"covered_lines": 9, "num_statements": 9, "percent_covered": 100.0, "percent_covered_display": "100", "missing_lines": 0, "excluded_lines": 0, "percent_statements_covered": 100.0, "percent_statements_covered_display": "100"}, "missing_lines": [], "excluded_lines": [], "start_line": 311}, "ResidualResult._interpret_dw": {"executed_lines": [386, 388, 391], "summary": {"covered_lines": 3, "num_statements": 5, "percent_covered": 60.0, "percent_covered_display": "60", "missing_lines": 2, "excluded_lines": 0, "percent_statements_covered": 60.0, "percent_statements_covered_display": "60"}, "missing_lines": [387, 389], "excluded_lines": [], "start_line": 384}, "ResidualResult.summary": {"executed_lines": [434, 435, 436, 437, 440, 466, 467, 469, 470, 474, 475, 479, 480, 484], "summary": {"covered_lines": 14, "num_statements": 17, "percent_covered": 82.3529411764706, "percent_covered_display": "82", "missing_lines": 3, "excluded_lines": 0, "percent_statements_covered": 82.3529411764706, "percent_statements_covered_display": "82"}, "missing_lines": [472, 477, 482], "excluded_lines": [], "start_line": 393}, "ResidualResult._pass_mark": {"executed_lines": [488], "summary": {"covered_lines": 1, "num_statements": 1, "percent_covered": 100.0, "percent_covered_display": "100", "missing_lines": 0, "excluded_lines": 0, "percent_statements_covered": 100.0, "percent_statements_covered_display": "100"}, "missing_lines": [], "excluded_lines": [], "start_line": 486}, "ResidualResult.from_model_results": {"executed_lines": [526], "summary": {"covered_lines": 1, "num_statements": 1, "percent_covered": 100.0, "percent_covered_display": "100", "missing_lines": 0, "excluded_lines": 0, "percent_statements_covered": 100.0, "percent_statements_covered_display": "100"}, "missing_lines": [], "excluded_lines": [], "start_line": 493}, "ResidualResult.__repr__": {"executed_lines": [530], "summary": {"covered_lines": 1, "num_statements": 1, "percent_covered": 100.0, "percent_covered_display": "100", "missing_lines": 0, "excluded_lines": 0, "percent_statements_covered": 100.0, "percent_statements_covered_display": "100"}, "missing_lines": [], "excluded_lines": [], "start_line": 528}, "": {"executed_lines": [8, 10, 11, 13, 16, 79, 118, 127, 138, 153, 154, 183, 184, 217, 218, 255, 256, 279, 280, 284, 285, 289, 290, 294, 295, 299, 300, 304, 305, 311, 384, 393, 486, 492, 493, 528], "summary": {"covered_lines": 36, "num_statements": 36, "percent_covered": 100.0, "percent_covered_display": "100", "missing_lines": 0, "excluded_lines": 0, "percent_statements_covered": 100.0, "percent_statements_covered_display": "100"}, "missing_lines": [], "excluded_lines": [], "start_line": 1}}, "classes": {"ResidualResult": {"executed_lines": [106, 108, 109, 110, 113, 116, 120, 121, 129, 130, 141, 143, 147, 149, 180, 181, 213, 215, 248, 250, 253, 274, 275, 282, 287, 292, 297, 302, 307, 334, 337, 338, 341, 342, 343, 345, 372, 382, 386, 388, 391, 434, 435, 436, 437, 440, 466, 467, 469, 470, 474, 475, 479, 480, 484, 488, 526, 530], "summary": {"covered_lines": 58, "num_statements": 74, "percent_covered": 78.37837837837837, "percent_covered_display": "78", "missing_lines": 16, "excluded_lines": 0, "percent_statements_covered": 78.37837837837837, "percent_statements_covered_display": "78"}, "missing_lines": [114, 122, 123, 125, 131, 132, 133, 134, 136, 142, 144, 387, 389, 472, 477, 482], "excluded_lines": [], "start_line": 16}, "": {"executed_lines": [8, 10, 11, 13, 16, 79, 118, 127, 138, 153, 154, 183, 184, 217, 218, 255, 256, 279, 280, 284, 285, 289, 290, 294, 295, 299, 300, 304, 305, 311, 384, 393, 486, 492, 493, 528], "summary": {"covered_lines": 36, "num_statements": 36, "percent_covered": 100.0, "percent_covered_display": "100", "missing_lines": 0, "excluded_lines": 0, "percent_statements_covered": 100.0, "percent_statements_covered_display": "100"}, "missing_lines": [], "excluded_lines": [], "start_line": 1}}}, "panelbox/experiment/results/validation_result.py": {"executed_lines": [8, 9, 11, 14, 70, 91, 93, 94, 96, 114, 117, 118, 120, 122, 144, 145, 166, 167, 183, 184, 214, 215, 234, 235, 283, 286, 288], "summary": {"covered_lines": 27, "num_statements": 46, "percent_covered": 58.69565217391305, "percent_covered_display": "59", "missing_lines": 19, "excluded_lines": 1, "percent_statements_covered": 58.69565217391305, "percent_statements_covered_display": "59"}, "missing_lines": [142, 159, 181, 198, 199, 202, 203, 204, 205, 206, 207, 208, 209, 212, 229, 230, 231, 232, 290], "excluded_lines": [123], "functions": {"ValidationResult.__init__": {"executed_lines": [91, 93, 94], "summary": {"covered_lines": 3, "num_statements": 3, "percent_covered": 100.0, "percent_covered_display": "100", "missing_lines": 0, "excluded_lines": 0, "percent_statements_covered": 100.0, "percent_statements_covered_display": "100"}, "missing_lines": [], "excluded_lines": [], "start_line": 70}, "ValidationResult.to_dict": {"executed_lines": [114, 117, 118, 120], "summary": {"covered_lines": 4, "num_statements": 4, "percent_covered": 100.0, "percent_covered_display": "100", "missing_lines": 0, "excluded_lines": 0, "percent_statements_covered": 100.0, "percent_statements_covered_display": "100"}, "missing_lines": [], "excluded_lines": [], "start_line": 96}, "ValidationResult.summary": {"executed_lines": [], "summary": {"covered_lines": 0, "num_statements": 1, "percent_covered": 0.0, "percent_covered_display": "0", "missing_lines": 1, "excluded_lines": 1, "percent_statements_covered": 0.0, "percent_statements_covered_display": "0"}, "missing_lines": [142], "excluded_lines": [123], "start_line": 122}, "ValidationResult.total_tests": {"executed_lines": [], "summary": {"covered_lines": 0, "num_statements": 1, "percent_covered": 0.0, "percent_covered_display": "0", "missing_lines": 1, "excluded_lines": 0, "percent_statements_covered": 0.0, "percent_statements_covered_display": "0"}, "missing_lines": [159], "excluded_lines": [], "start_line": 145}, "ValidationResult.failed_tests": {"executed_lines": [], "summary": {"covered_lines": 0, "num_statements": 1, "percent_covered": 0.0, "percent_covered_display": "0", "missing_lines": 1, "excluded_lines": 0, "percent_statements_covered": 0.0, "percent_statements_covered_display": "0"}, "missing_lines": [181], "excluded_lines": [], "start_line": 167}, "ValidationResult.passed_tests": {"executed_lines": [], "summary": {"covered_lines": 0, "num_statements": 11, "percent_covered": 0.0, "percent_covered_display": "0", "missing_lines": 11, "excluded_lines": 0, "percent_statements_covered": 0.0, "percent_statements_covered_display": "0"}, "missing_lines": [198, 199, 202, 203, 204, 205, 206, 207, 208, 209, 212], "excluded_lines": [], "start_line": 184}, "ValidationResult.pass_rate": {"executed_lines": [], "summary": {"covered_lines": 0, "num_statements": 4, "percent_covered": 0.0, "percent_covered_display": "0", "missing_lines": 4, "excluded_lines": 0, "percent_statements_covered": 0.0, "percent_statements_covered_display": "0"}, "missing_lines": [229, 230, 231, 232], "excluded_lines": [], "start_line": 215}, "ValidationResult.from_model_results": {"executed_lines": [283, 286], "summary": {"covered_lines": 2, "num_statements": 2, "percent_covered": 100.0, "percent_covered_display": "100", "missing_lines": 0, "excluded_lines": 0, "percent_statements_covered": 100.0, "percent_statements_covered_display": "100"}, "missing_lines": [], "excluded_lines": [], "start_line": 235}, "ValidationResult.__repr__": {"executed_lines": [], "summary": {"covered_lines": 0, "num_statements": 1, "percent_covered": 0.0, "percent_covered_display": "0", "missing_lines": 1, "excluded_lines": 0, "percent_statements_covered": 0.0, "percent_statements_covered_display": "0"}, "missing_lines": [290], "excluded_lines": [], "start_line": 288}, "": {"executed_lines": [8, 9, 11, 14, 70, 96, 122, 144, 145, 166, 167, 183, 184, 214, 215, 234, 235, 288], "summary": {"covered_lines": 18, "num_statements": 18, "percent_covered": 100.0, "percent_covered_display": "100", "missing_lines": 0, "excluded_lines": 0, "percent_statements_covered": 100.0, "percent_statements_covered_display": "100"}, "missing_lines": [], "excluded_lines": [], "start_line": 1}}, "classes": {"ValidationResult": {"executed_lines": [91, 93, 94, 114, 117, 118, 120, 283, 286], "summary": {"covered_lines": 9, "num_statements": 28, "percent_covered": 32.142857142857146, "percent_covered_display": "32", "missing_lines": 19, "excluded_lines": 1, "percent_statements_covered": 32.142857142857146, "percent_statements_covered_display": "32"}, "missing_lines": [142, 159, 181, 198, 199, 202, 203, 204, 205, 206, 207, 208, 209, 212, 229, 230, 231, 232, 290], "excluded_lines": [123], "start_line": 14}, "": {"executed_lines": [8, 9, 11, 14, 70, 96, 122, 144, 145, 166, 167, 183, 184, 214, 215, 234, 235, 288], "summary": {"covered_lines": 18, "num_statements": 18, "percent_covered": 100.0, "percent_covered_display": "100", "missing_lines": 0, "excluded_lines": 0, "percent_statements_covered": 100.0, "percent_statements_covered_display": "100"}, "missing_lines": [], "excluded_lines": [], "start_line": 1}}}, "panelbox/experiment/tests/__init__.py": {"executed_lines": [8, 9, 11], "summary": {"covered_lines": 3, "num_statements": 3, "percent_covered": 100.0, "percent_covered_display": "100", "missing_lines": 0, "excluded_lines": 0, "percent_statements_covered": 100.0, "percent_statements_covered_displa
[...]
_statements_covered_display": "36"}, "missing_lines": [289, 290, 292, 293, 294, 295, 296], "excluded_lines": [], "start_line": 273}, "ResidualDataTransformer._extract_model_info": {"executed_lines": [318, 321, 323, 324, 325, 328, 329, 330, 335, 336, 339, 341], "summary": {"covered_lines": 12, "num_statements": 12, "percent_covered": 100.0, "percent_covered_display": "100", "missing_lines": 0, "excluded_lines": 0, "percent_statements_covered": 100.0, "percent_statements_covered_display": "100"}, "missing_lines": [], "excluded_lines": [], "start_line": 304}, "ResidualDataTransformer.prepare_qq_data": {"executed_lines": [357, 359], "summary": {"covered_lines": 2, "num_statements": 2, "percent_covered": 100.0, "percent_covered_display": "100", "missing_lines": 0, "excluded_lines": 0, "percent_statements_covered": 100.0, "percent_statements_covered_display": "100"}, "missing_lines": [], "excluded_lines": [], "start_line": 343}, "ResidualDataTransformer.prepare_residual_fitted_data": {"executed_lines": [380, 381, 383], "summary": {"covered_lines": 3, "num_statements": 3, "percent_covered": 100.0, "percent_covered_display": "100", "missing_lines": 0, "excluded_lines": 0, "percent_statements_covered": 100.0, "percent_statements_covered_display": "100"}, "missing_lines": [], "excluded_lines": [], "start_line": 366}, "ResidualDataTransformer.prepare_scale_location_data": {"executed_lines": [399, 400, 402], "summary": {"covered_lines": 3, "num_statements": 3, "percent_covered": 100.0, "percent_covered_display": "100", "missing_lines": 0, "excluded_lines": 0, "percent_statements_covered": 100.0, "percent_statements_covered_display": "100"}, "missing_lines": [], "excluded_lines": [], "start_line": 385}, "ResidualDataTransformer.prepare_leverage_data": {"executed_lines": [418, 419, 420, 421, 423, 429, 432, 433, 435], "summary": {"covered_lines": 9, "num_statements": 10, "percent_covered": 90.0, "percent_covered_display": "90", "missing_lines": 1, "excluded_lines": 0, "percent_statements_covered": 90.0, "percent_statements_covered_display": "90"}, "missing_lines": [430], "excluded_lines": [], "start_line": 404}, "ResidualDataTransformer.prepare_timeseries_data": {"executed_lines": [451, 452, 453, 455, 457, 460, 463], "summary": {"covered_lines": 7, "num_statements": 9, "percent_covered": 77.77777777777777, "percent_covered_display": "78", "missing_lines": 2, "excluded_lines": 0, "percent_statements_covered": 77.77777777777777, "percent_statements_covered_display": "78"}, "missing_lines": [458, 461], "excluded_lines": [], "start_line": 437}, "ResidualDataTransformer.prepare_distribution_data": {"executed_lines": [479, 481], "summary": {"covered_lines": 2, "num_statements": 2, "percent_covered": 100.0, "percent_covered_display": "100", "missing_lines": 0, "excluded_lines": 0, "percent_statements_covered": 100.0, "percent_statements_covered_display": "100"}, "missing_lines": [], "excluded_lines": [], "start_line": 465}, "": {"executed_lines": [7, 9, 12, 34, 91, 112, 135, 162, 199, 242, 273, 304, 343, 366, 385, 404, 437, 465], "summary": {"covered_lines": 18, "num_statements": 18, "percent_covered": 100.0, "percent_covered_display": "100", "missing_lines": 0, "excluded_lines": 0, "percent_statements_covered": 100.0, "percent_statements_covered_display": "100"}, "missing_lines": [], "excluded_lines": [], "start_line": 1}}, "classes": {"ResidualDataTransformer": {"executed_lines": [63, 64, 67, 70, 71, 74, 75, 78, 80, 105, 106, 107, 108, 110, 126, 127, 128, 130, 133, 152, 153, 154, 158, 160, 177, 178, 179, 182, 183, 186, 197, 219, 220, 257, 268, 269, 271, 288, 299, 300, 302, 318, 321, 323, 324, 325, 328, 329, 330, 335, 336, 339, 341, 357, 359, 380, 381, 383, 399, 400, 402, 418, 419, 420, 421, 423, 429, 432, 433, 435, 451, 452, 453, 455, 457, 460, 463, 479, 481], "summary": {"covered_lines": 79, "num_statements": 121, "percent_covered": 65.2892561983471, "percent_covered_display": "65", "missing_lines": 42, "excluded_lines": 0, "percent_statements_covered": 65.2892561983471, "percent_statements_covered_display": "65"}, "missing_lines": [129, 131, 155, 180, 181, 187, 188, 191, 192, 193, 194, 195, 223, 224, 225, 226, 227, 228, 229, 230, 234, 236, 237, 238, 240, 258, 259, 261, 262, 263, 264, 265, 289, 290, 292, 293, 294, 295, 296, 430, 458, 461], "excluded_lines": [], "start_line": 12}, "": {"executed_lines": [7, 9, 12, 34, 91, 112, 135, 162, 199, 242, 273, 304, 343, 366, 385, 404, 437, 465], "summary": {"covered_lines": 18, "num_statements": 18, "percent_covered": 100.0, "percent_covered_display": "100", "missing_lines": 0, "excluded_lines": 0, "percent_statements_covered": 100.0, "percent_statements_covered_display": "100"}, "missing_lines": [], "excluded_lines": [], "start_line": 1}}}, "panelbox/visualization/transformers/validation.py": {"executed_lines": [7, 10, 30, 54, 57, 60, 63, 65, 72, 86, 89, 90, 91, 94, 95, 96, 99, 100, 101, 104, 105, 106, 108, 110, 128, 139, 140, 143, 144, 146, 148, 162, 164, 165, 166, 167, 168, 170, 172, 186, 187, 189, 190, 191, 192, 194, 196, 210, 212, 213, 215], "summary": {"covered_lines": 51, "num_statements": 51, "percent_covered": 100.0, "percent_covered_display": "100", "missing_lines": 0, "excluded_lines": 0, "percent_statements_covered": 100.0, "percent_statements_covered_display": "100"}, "missing_lines": [], "excluded_lines": [], "functions": {"ValidationDataTransformer.transform": {"executed_lines": [54, 57, 60, 63, 65], "summary": {"covered_lines": 5, "num_statements": 5, "percent_covered": 100.0, "percent_covered_display": "100", "missing_lines": 0, "excluded_lines": 0, "percent_statements_covered": 100.0, "percent_statements_covered_display": "100"}, "missing_lines": [], "excluded_lines": [], "start_line": 30}, "ValidationDataTransformer._extract_tests": {"executed_lines": [86, 89, 90, 91, 94, 95, 96, 99, 100, 101, 104, 105, 106, 108], "summary": {"covered_lines": 14, "num_statements": 14, "percent_covered": 100.0, "percent_covered_display": "100", "missing_lines": 0, "excluded_lines": 0, "percent_statements_covered": 100.0, "percent_statements_covered_display": "100"}, "missing_lines": [], "excluded_lines": [], "start_line": 72}, "ValidationDataTransformer._format_test_result": {"executed_lines": [128, 139, 140, 143, 144, 146], "summary": {"covered_lines": 6, "num_statements": 6, "percent_covered": 100.0, "percent_covered_display": "100", "missing_lines": 0, "excluded_lines": 0, "percent_statements_covered": 100.0, "percent_statements_covered_display": "100"}, "missing_lines": [], "excluded_lines": [], "start_line": 110}, "ValidationDataTransformer._group_by_category": {"executed_lines": [162, 164, 165, 166, 167, 168, 170], "summary": {"covered_lines": 7, "num_statements": 7, "percent_covered": 100.0, "percent_covered_display": "100", "missing_lines": 0, "excluded_lines": 0, "percent_statements_covered": 100.0, "percent_statements_covered_display": "100"}, "missing_lines": [], "excluded_lines": [], "start_line": 148}, "ValidationDataTransformer._compute_summary": {"executed_lines": [186, 187, 189, 190, 191, 192, 194], "summary": {"covered_lines": 7, "num_statements": 7, "percent_covered": 100.0, "percent_covered_display": "100", "missing_lines": 0, "excluded_lines": 0, "percent_statements_covered": 100.0, "percent_statements_covered_display": "100"}, "missing_lines": [], "excluded_lines": [], "start_line": 172}, "ValidationDataTransformer._extract_model_info": {"executed_lines": [210, 212, 213, 215], "summary": {"covered_lines": 4, "num_statements": 4, "percent_covered": 100.0, "percent_covered_display": "100", "missing_lines": 0, "excluded_lines": 0, "percent_statements_covered": 100.0, "percent_statements_covered_display": "100"}, "missing_lines": [], "excluded_lines": [], "start_line": 196}, "": {"executed_lines": [7, 10, 30, 72, 110, 148, 172, 196], "summary": {"covered_lines": 8, "num_statements": 8, "percent_covered": 100.0, "percent_covered_display": "100", "missing_lines": 0, "excluded_lines": 0, "percent_statements_covered": 100.0, "percent_statements_covered_display": "100"}, "missing_lines": [], "excluded_lines": [], "start_line": 1}}, "classes": {"ValidationDataTransformer": {"executed_lines": [54, 57, 60, 63, 65, 86, 89, 90, 91, 94, 95, 96, 99, 100, 101, 104, 105, 106, 108, 128, 139, 140, 143, 144, 146, 162, 164, 165, 166, 167, 168, 170, 186, 187, 189, 190, 191, 192, 194, 210, 212, 213, 215], "summary": {"covered_lines": 43, "num_statements": 43, "percent_covered": 100.0, "percent_covered_display": "100", "missing_lines": 0, "excluded_lines": 0, "percent_statements_covered": 100.0, "percent_statements_covered_display": "100"}, "missing_lines": [], "excluded_lines": [], "start_line": 10}, "": {"executed_lines": [7, 10, 30, 72, 110, 148, 172, 196], "summary": {"covered_lines": 8, "num_statements": 8, "percent_covered": 100.0, "percent_covered_display": "100", "missing_lines": 0, "excluded_lines": 0, "percent_statements_covered": 100.0, "percent_statements_covered_display": "100"}, "missing_lines": [], "excluded_lines": [], "start_line": 1}}}, "panelbox/visualization/utils/__init__.py": {"executed_lines": [], "summary": {"covered_lines": 0, "num_statements": 3, "percent_covered": 0.0, "percent_covered_display": "0", "missing_lines": 3, "excluded_lines": 0, "percent_statements_covered": 0.0, "percent_statements_covered_display": "0"}, "missing_lines": [8, 15, 24], "excluded_lines": [], "functions": {"": {"executed_lines": [], "summary": {"covered_lines": 0, "num_statements": 3, "percent_covered": 0.0, "percent_covered_display": "0", "missing_lines": 3, "excluded_lines": 0, "percent_statements_covered": 0.0, "percent_statements_covered_display": "0"}, "missing_lines": [8, 15, 24], "excluded_lines": [], "start_line": 1}}, "classes": {"": {"executed_lines": [], "summary": {"covered_lines": 0, "num_statements": 3, "percent_covered": 0.0, "percent_covered_display": "0", "missing_lines": 3, "excluded_lines": 0, "percent_statements_covered": 0.0, "percent_statements_covered_display": "0"}, "missing_lines": [8, 15, 24], "excluded_lines": [], "start_line": 1}}}, "panelbox/visualization/utils/chart_selector.py": {"executed_lines": [], "summary": {"covered_lines": 0, "num_statements": 73, "percent_covered": 0.0, "percent_covered_display": "0", "missing_lines": 73, "excluded_lines": 0, "percent_statements_covered": 0.0, "percent_statements_covered_display": "0"}, "missing_lines": [25, 26, 29, 30, 33, 34, 35, 36, 37, 38, 39, 40, 42, 44, 64, 378, 456, 496, 497, 499, 500, 502, 503, 506, 509, 511, 512, 513, 514, 516, 518, 519, 520, 522, 523, 525, 527, 529, 530, 531, 533, 534, 535, 537, 539, 541, 542, 543, 544, 545, 546, 547, 548, 550, 551, 554, 556, 559, 561, 562, 564, 565, 575, 576, 578, 581, 603, 604, 605, 608, 617, 620, 622], "excluded_lines": [], "functions": {"ChartRecommendation.__str__": {"executed_lines": [], "summary": {"covered_lines": 0, "num_statements": 1, "percent_covered": 0.0, "percent_covered_display": "0", "missing_lines": 1, "excluded_lines": 0, "percent_statements_covered": 0.0, "percent_statements_covered_display": "0"}, "missing_lines": [44], "excluded_lines": [], "start_line": 42}, "suggest_chart": {"executed_lines": [], "summary": {"covered_lines": 0, "num_statements": 7, "percent_covered": 0.0, "percent_covered_display": "0", "missing_lines": 7, "excluded_lines": 0, "percent_statements_covered": 0.0, "percent_statements_covered_display": "0"}, "missing_lines": [496, 497, 499, 500, 502, 503, 506], "excluded_lines": [], "start_line": 456}, "_interactive_decision_tree": {"executed_lines": [], "summary": {"covered_lines": 0, "num_statements": 32, "percent_covered": 0.0, "percent_covered_display": "0", "missing_lines": 32, "excluded_lines": 0, "percent_statements_covered": 0.0, "percent_statements_covered_display": "0"}, "missing_lines": [511, 512, 513, 514, 516, 518, 519, 520, 522, 523, 525, 527, 529, 530, 531, 533, 534, 535, 537, 539, 541, 542, 543, 544, 545, 546, 547, 548, 550, 551, 554, 556], "excluded_lines": [], "start_line": 509}, "_search_by_keywords": {"executed_lines": [], "summary": {"covered_lines": 0, "num_statements": 7, "percent_covered": 0.0, "percent_covered_display": "0", "missing_lines": 7, "excluded_lines": 0, "percent_statements_covered": 0.0, "percent_statements_covered_display": "0"}, "missing_lines": [561, 562, 564, 565, 575, 576, 578], "excluded_lines": [], "start_line": 559}, "list_all_charts": {"executed_lines": [], "summary": {"covered_lines": 0, "num_statements": 3, "percent_covered": 0.0, "percent_covered_display": "0", "missing_lines": 3, "excluded_lines": 0, "percent_statements_covered": 0.0, "percent_statements_covered_display": "0"}, "missing_lines": [603, 604, 605], "excluded_lines": [], "start_line": 581}, "get_categories": {"executed_lines": [], "summary": {"covered_lines": 0, "num_statements": 1, "percent_covered": 0.0, "percent_covered_display": "0", "missing_lines": 1, "excluded_lines": 0, "percent_statements_covered": 0.0, "percent_statements_covered_display": "0"}, "missing_lines": [617], "excluded_lines": [], "start_line": 608}, "": {"executed_lines": [], "summary": {"covered_lines": 0, "num_statements": 22, "percent_covered": 0.0, "percent_covered_display": "0", "missing_lines": 22, "excluded_lines": 0, "percent_statements_covered": 0.0, "percent_statements_covered_display": "0"}, "missing_lines": [25, 26, 29, 30, 33, 34, 35, 36, 37, 38, 39, 40, 42, 64, 378, 456, 509, 559, 581, 608, 620, 622], "excluded_lines": [], "start_line": 1}}, "classes": {"ChartRecommendation": {"executed_lines": [], "summary": {"covered_lines": 0, "num_statements": 1, "percent_covered": 0.0, "percent_covered_display": "0", "missing_lines": 1, "excluded_lines": 0, "percent_statements_covered": 0.0, "percent_statements_covered_display": "0"}, "missing_lines": [44], "excluded_lines": [], "start_line": 30}, "": {"executed_lines": [], "summary": {"covered_lines": 0, "num_statements": 72, "percent_covered": 0.0, "percent_covered_display": "0", "missing_lines": 72, "excluded_lines": 0, "percent_statements_covered": 0.0, "percent_statements_covered_display": "0"}, "missing_lines": [25, 26, 29, 30, 33, 34, 35, 36, 37, 38, 39, 40, 42, 64, 378, 456, 496, 497, 499, 500, 502, 503, 506, 509, 511, 512, 513, 514, 516, 518, 519, 520, 522, 523, 525, 527, 529, 530, 531, 533, 534, 535, 537, 539, 541, 542, 543, 544, 545, 546, 547, 548, 550, 551, 554, 556, 559, 561, 562, 564, 565, 575, 576, 578, 581, 603, 604, 605, 608, 617, 620, 622], "excluded_lines": [], "start_line": 1}}}, "panelbox/visualization/utils/theme_loader.py": {"executed_lines": [], "summary": {"covered_lines": 0, "num_statements": 106, "percent_covered": 0.0, "percent_covered_display": "0", "missing_lines": 106, "excluded_lines": 0, "percent_statements_covered": 0.0, "percent_statements_covered_display": "0"}, "missing_lines": [27, 28, 29, 30, 32, 34, 35, 38, 92, 126, 128, 129, 131, 133, 134, 135, 136, 137, 139, 144, 145, 148, 149, 152, 153, 155, 156, 157, 158, 161, 195, 198, 201, 202, 204, 205, 206, 207, 208, 209, 211, 213, 215, 216, 219, 245, 248, 251, 254, 271, 273, 274, 277, 278, 279, 282, 283, 284, 290, 291, 298, 299, 300, 301, 306, 307, 308, 314, 329, 331, 333, 334, 335, 336, 341, 359, 398, 400, 401, 402, 404, 405, 406, 407, 408, 410, 412, 413, 414, 415, 417, 418, 422, 438, 441, 462, 465, 466, 469, 471, 474, 476, 478, 479, 481, 483], "excluded_lines": [], "functions": {"load_theme": {"executed_lines": [], "summary": {"covered_lines": 0, "num_statements": 20, "percent_covered": 0.0, "percent_covered_display": "0", "missing_lines": 20, "excluded_lines": 0, "percent_statements_covered": 0.0, "percent_statements_covered_display": "0"}, "missing_lines": [126, 128, 129, 131, 133, 134, 135, 136, 137, 139, 144, 145, 148, 149, 152, 153, 155, 156, 157, 158], "excluded_lines": [], "start_line": 92}, "save_theme": {"executed_lines": [], "summary": {"covered_lines": 0, "num_statements": 14, "percent_covered": 0.0, "percent_covered_display": "0", "missing_lines": 14, "excluded_lines": 0, "percent_statements_covered": 0.0, "percent_statements_covered_display": "0"}, "missing_lines": [195, 198, 201, 202, 204, 205, 206, 207, 208, 209, 211, 213, 215, 216], "excluded_lines": [], "start_line": 161}, "merge_themes": {"executed_lines": [], "summary": {"covered_lines": 0, "num_statements": 3, "percent_covered": 0.0, "percent_covered_display": "0", "missing_lines": 3, "excluded_lines": 0, "percent_statements_covered": 0.0, "percent_statements_covered_display": "0"}, "missing_lines": [245, 248, 251], "excluded_lines": [], "start_line": 219}, "_validate_theme_data": {"executed_lines": [], "summary": {"covered_lines": 0, "num_statements": 18, "percent_covered": 0.0, "percent_covered_display": "0", "missing_lines": 18, "excluded_lines": 0, "percent_statements_covered": 0.0, "percent_statements_covered_display": "0"}, "missing_lines": [271, 273, 274, 277, 278, 279, 282, 283, 284, 290, 291, 298, 299, 300, 301, 306, 307, 308], "excluded_lines": [], "start_line": 254}, "_create_theme_from_dict": {"executed_lines": [], "summary": {"covered_lines": 0, "num_statements": 6, "percent_covered": 0.0, "percent_covered_display": "0", "missing_lines": 6, "excluded_lines": 0, "percent_statements_covered": 0.0, "percent_statements_covered_display": "0"}, "missing_lines": [329, 331, 333, 334, 335, 336], "excluded_lines": [], "start_line": 314}, "create_theme_template": {"executed_lines": [], "summary": {"covered_lines": 0, "num_statements": 17, "percent_covered": 0.0, "percent_covered_display": "0", "missing_lines": 17, "excluded_lines": 0, "percent_statements_covered": 0.0, "percent_statements_covered_display": "0"}, "missing_lines": [359, 398, 400, 401, 402, 404, 405, 406, 407, 408, 410, 412, 413, 414, 415, 417, 418], "excluded_lines": [], "start_line": 341}, "list_builtin_themes": {"executed_lines": [], "summary": {"covered_lines": 0, "num_statements": 1, "percent_covered": 0.0, "percent_covered_display": "0", "missing_lines": 1, "excluded_lines": 0, "percent_statements_covered": 0.0, "percent_statements_covered_display": "0"}, "missing_lines": [438], "excluded_lines": [], "start_line": 422}, "get_theme_colors": {"executed_lines": [], "summary": {"covered_lines": 0, "num_statements": 5, "percent_covered": 0.0, "percent_covered_display": "0", "missing_lines": 5, "excluded_lines": 0, "percent_statements_covered": 0.0, "percent_statements_covered_display": "0"}, "missing_lines": [462, 465, 466, 469, 471], "excluded_lines": [], "start_line": 441}, "": {"executed_lines": [], "summary": {"covered_lines": 0, "num_statements": 22, "percent_covered": 0.0, "percent_covered_display": "0", "missing_lines": 22, "excluded_lines": 0, "percent_statements_covered": 0.0, "percent_statements_covered_display": "0"}, "missing_lines": [27, 28, 29, 30, 32, 34, 35, 38, 92, 161, 219, 254, 314, 341, 422, 441, 474, 476, 478, 479, 481, 483], "excluded_lines": [], "start_line": 1}}, "classes": {"": {"executed_lines": [], "summary": {"covered_lines": 0, "num_statements": 106, "percent_covered": 0.0, "percent_covered_display": "0", "missing_lines": 106, "excluded_lines": 0, "percent_statements_covered": 0.0, "percent_statements_covered_display": "0"}, "missing_lines": [27, 28, 29, 30, 32, 34, 35, 38, 92, 126, 128, 129, 131, 133, 134, 135, 136, 137, 139, 144, 145, 148, 149, 152, 153, 155, 156, 157, 158, 161, 195, 198, 201, 202, 204, 205, 206, 207, 208, 209, 211, 213, 215, 216, 219, 245, 248, 251, 254, 271, 273, 274, 277, 278, 279, 282, 283, 284, 290, 291, 298, 299, 300, 301, 306, 307, 308, 314, 329, 331, 333, 334, 335, 336, 341, 359, 398, 400, 401, 402, 404, 405, 406, 407, 408, 410, 412, 413, 414, 415, 417, 418, 422, 438, 441, 462, 465, 466, 469, 471, 474, 476, 478, 479, 481, 483], "excluded_lines": [], "start_line": 1}}}}, "totals": {"covered_lines": 8412, "num_statements": 11442, "percent_covered": 73.5186156266387, "percent_covered_display": "74", "missing_lines": 3030, "excluded_lines": 46, "percent_statements_covered": 73.5186156266387, "percent_statements_covered_display": "74"}}
